{"/Users/pablojavier/Documents/Study/EntregaFinal/explorations/my-app-geo/app/components/DispatchMapComponent.tsx": {"path":"/Users/pablojavier/Documents/Study/EntregaFinal/explorations/my-app-geo/app/components/DispatchMapComponent.tsx","all":false,"statementMap":{"1":{"start":{"line":2,"column":0},"end":{"line":2,"column":74}},"2":{"start":{"line":3,"column":0},"end":{"line":3,"column":86}},"4":{"start":{"line":5,"column":0},"end":{"line":5,"column":47}},"5":{"start":{"line":6,"column":0},"end":{"line":6,"column":37}},"6":{"start":{"line":7,"column":0},"end":{"line":7,"column":69}},"7":{"start":{"line":8,"column":0},"end":{"line":8,"column":35}},"8":{"start":{"line":9,"column":0},"end":{"line":9,"column":35}},"9":{"start":{"line":10,"column":0},"end":{"line":10,"column":46}},"10":{"start":{"line":11,"column":0},"end":{"line":11,"column":88}},"11":{"start":{"line":12,"column":0},"end":{"line":12,"column":125}},"12":{"start":{"line":13,"column":0},"end":{"line":13,"column":281}},"13":{"start":{"line":14,"column":0},"end":{"line":14,"column":24}},"14":{"start":{"line":15,"column":0},"end":{"line":15,"column":33}},"15":{"start":{"line":16,"column":0},"end":{"line":16,"column":51}},"16":{"start":{"line":17,"column":0},"end":{"line":17,"column":52}},"17":{"start":{"line":18,"column":0},"end":{"line":18,"column":9}},"39":{"start":{"line":40,"column":0},"end":{"line":40,"column":26}},"40":{"start":{"line":41,"column":0},"end":{"line":41,"column":21}},"41":{"start":{"line":42,"column":0},"end":{"line":42,"column":22}},"42":{"start":{"line":43,"column":0},"end":{"line":43,"column":10}},"43":{"start":{"line":44,"column":0},"end":{"line":44,"column":2}},"55":{"start":{"line":56,"column":0},"end":{"line":56,"column":37}},"56":{"start":{"line":57,"column":0},"end":{"line":57,"column":3}},"57":{"start":{"line":58,"column":0},"end":{"line":58,"column":15}},"58":{"start":{"line":59,"column":0},"end":{"line":59,"column":17}},"59":{"start":{"line":60,"column":0},"end":{"line":60,"column":42}},"60":{"start":{"line":61,"column":0},"end":{"line":61,"column":80}},"61":{"start":{"line":62,"column":0},"end":{"line":62,"column":4}},"62":{"start":{"line":63,"column":0},"end":{"line":63,"column":3}},"63":{"start":{"line":64,"column":0},"end":{"line":64,"column":20}},"64":{"start":{"line":65,"column":0},"end":{"line":65,"column":22}},"65":{"start":{"line":66,"column":0},"end":{"line":66,"column":44}},"66":{"start":{"line":67,"column":0},"end":{"line":67,"column":25}},"67":{"start":{"line":68,"column":0},"end":{"line":68,"column":4}},"68":{"start":{"line":69,"column":0},"end":{"line":69,"column":3}},"69":{"start":{"line":70,"column":0},"end":{"line":70,"column":18}},"70":{"start":{"line":71,"column":0},"end":{"line":71,"column":20}},"71":{"start":{"line":72,"column":0},"end":{"line":72,"column":40}},"72":{"start":{"line":73,"column":0},"end":{"line":73,"column":60}},"73":{"start":{"line":74,"column":0},"end":{"line":74,"column":3}},"74":{"start":{"line":75,"column":0},"end":{"line":75,"column":2}},"77":{"start":{"line":78,"column":0},"end":{"line":78,"column":60}},"78":{"start":{"line":79,"column":0},"end":{"line":79,"column":20}},"79":{"start":{"line":80,"column":0},"end":{"line":80,"column":28}},"80":{"start":{"line":81,"column":0},"end":{"line":81,"column":28}},"81":{"start":{"line":82,"column":0},"end":{"line":82,"column":26}},"82":{"start":{"line":83,"column":0},"end":{"line":83,"column":26}},"83":{"start":{"line":84,"column":0},"end":{"line":84,"column":27}},"84":{"start":{"line":85,"column":0},"end":{"line":85,"column":12}},"85":{"start":{"line":86,"column":0},"end":{"line":86,"column":2}},"88":{"start":{"line":89,"column":0},"end":{"line":89,"column":55}},"89":{"start":{"line":90,"column":0},"end":{"line":90,"column":70}},"90":{"start":{"line":91,"column":0},"end":{"line":91,"column":36}},"91":{"start":{"line":92,"column":0},"end":{"line":92,"column":68}},"92":{"start":{"line":93,"column":0},"end":{"line":93,"column":40}},"93":{"start":{"line":94,"column":0},"end":{"line":94,"column":45}},"94":{"start":{"line":95,"column":0},"end":{"line":95,"column":3}},"95":{"start":{"line":96,"column":0},"end":{"line":96,"column":14}},"96":{"start":{"line":97,"column":0},"end":{"line":97,"column":2}},"99":{"start":{"line":100,"column":0},"end":{"line":100,"column":57}},"101":{"start":{"line":102,"column":0},"end":{"line":102,"column":43}},"102":{"start":{"line":103,"column":0},"end":{"line":103,"column":43}},"103":{"start":{"line":104,"column":0},"end":{"line":104,"column":44}},"104":{"start":{"line":105,"column":0},"end":{"line":105,"column":42}},"106":{"start":{"line":107,"column":0},"end":{"line":107,"column":35}},"107":{"start":{"line":108,"column":0},"end":{"line":108,"column":16}},"108":{"start":{"line":109,"column":0},"end":{"line":109,"column":3}},"111":{"start":{"line":112,"column":0},"end":{"line":112,"column":39}},"112":{"start":{"line":113,"column":0},"end":{"line":113,"column":40}},"113":{"start":{"line":114,"column":0},"end":{"line":114,"column":3}},"116":{"start":{"line":117,"column":0},"end":{"line":117,"column":55}},"117":{"start":{"line":118,"column":0},"end":{"line":118,"column":20}},"118":{"start":{"line":119,"column":0},"end":{"line":119,"column":36}},"119":{"start":{"line":120,"column":0},"end":{"line":120,"column":3}},"122":{"start":{"line":123,"column":0},"end":{"line":123,"column":44}},"123":{"start":{"line":124,"column":0},"end":{"line":124,"column":2}},"126":{"start":{"line":127,"column":0},"end":{"line":127,"column":65}},"127":{"start":{"line":128,"column":0},"end":{"line":128,"column":24}},"128":{"start":{"line":129,"column":0},"end":{"line":129,"column":41}},"129":{"start":{"line":130,"column":0},"end":{"line":130,"column":25}},"130":{"start":{"line":131,"column":0},"end":{"line":131,"column":37}},"131":{"start":{"line":132,"column":0},"end":{"line":132,"column":21}},"132":{"start":{"line":133,"column":0},"end":{"line":133,"column":38}},"133":{"start":{"line":134,"column":0},"end":{"line":134,"column":22}},"134":{"start":{"line":135,"column":0},"end":{"line":135,"column":12}},"135":{"start":{"line":136,"column":0},"end":{"line":136,"column":25}},"136":{"start":{"line":137,"column":0},"end":{"line":137,"column":3}},"137":{"start":{"line":138,"column":0},"end":{"line":138,"column":2}},"140":{"start":{"line":141,"column":0},"end":{"line":141,"column":63}},"141":{"start":{"line":142,"column":0},"end":{"line":142,"column":69}},"142":{"start":{"line":143,"column":0},"end":{"line":143,"column":12}},"143":{"start":{"line":144,"column":0},"end":{"line":144,"column":14}},"144":{"start":{"line":145,"column":0},"end":{"line":145,"column":6}},"145":{"start":{"line":146,"column":0},"end":{"line":146,"column":3}},"146":{"start":{"line":147,"column":0},"end":{"line":147,"column":17}},"147":{"start":{"line":148,"column":0},"end":{"line":148,"column":2}},"149":{"start":{"line":150,"column":0},"end":{"line":150,"column":112}},"150":{"start":{"line":151,"column":0},"end":{"line":151,"column":38}},"151":{"start":{"line":152,"column":0},"end":{"line":152,"column":33}},"154":{"start":{"line":155,"column":0},"end":{"line":155,"column":68}},"155":{"start":{"line":156,"column":0},"end":{"line":156,"column":52}},"157":{"start":{"line":158,"column":0},"end":{"line":158,"column":54}},"158":{"start":{"line":159,"column":0},"end":{"line":159,"column":30}},"160":{"start":{"line":161,"column":0},"end":{"line":161,"column":26}},"162":{"start":{"line":163,"column":0},"end":{"line":163,"column":58}},"163":{"start":{"line":164,"column":0},"end":{"line":164,"column":13}},"164":{"start":{"line":165,"column":0},"end":{"line":165,"column":52}},"165":{"start":{"line":166,"column":0},"end":{"line":166,"column":25}},"166":{"start":{"line":167,"column":0},"end":{"line":167,"column":56}},"167":{"start":{"line":168,"column":0},"end":{"line":168,"column":23}},"168":{"start":{"line":169,"column":0},"end":{"line":169,"column":53}},"169":{"start":{"line":170,"column":0},"end":{"line":170,"column":9}},"170":{"start":{"line":171,"column":0},"end":{"line":171,"column":7}},"173":{"start":{"line":174,"column":0},"end":{"line":174,"column":21}},"174":{"start":{"line":175,"column":0},"end":{"line":175,"column":60}},"175":{"start":{"line":176,"column":0},"end":{"line":176,"column":30}},"176":{"start":{"line":177,"column":0},"end":{"line":177,"column":42}},"177":{"start":{"line":178,"column":0},"end":{"line":178,"column":37}},"178":{"start":{"line":179,"column":0},"end":{"line":179,"column":40}},"179":{"start":{"line":180,"column":0},"end":{"line":180,"column":39}},"180":{"start":{"line":181,"column":0},"end":{"line":181,"column":44}},"181":{"start":{"line":182,"column":0},"end":{"line":182,"column":25}},"182":{"start":{"line":183,"column":0},"end":{"line":183,"column":26}},"184":{"start":{"line":185,"column":0},"end":{"line":185,"column":13}},"185":{"start":{"line":186,"column":0},"end":{"line":186,"column":49}},"186":{"start":{"line":187,"column":0},"end":{"line":187,"column":54}},"189":{"start":{"line":190,"column":0},"end":{"line":190,"column":50}},"190":{"start":{"line":191,"column":0},"end":{"line":191,"column":59}},"191":{"start":{"line":192,"column":0},"end":{"line":192,"column":57}},"192":{"start":{"line":193,"column":0},"end":{"line":193,"column":18}},"193":{"start":{"line":194,"column":0},"end":{"line":194,"column":57}},"194":{"start":{"line":195,"column":0},"end":{"line":195,"column":28}},"195":{"start":{"line":196,"column":0},"end":{"line":196,"column":11}},"196":{"start":{"line":197,"column":0},"end":{"line":197,"column":23}},"197":{"start":{"line":198,"column":0},"end":{"line":198,"column":54}},"198":{"start":{"line":199,"column":0},"end":{"line":199,"column":26}},"199":{"start":{"line":200,"column":0},"end":{"line":200,"column":19}},"200":{"start":{"line":201,"column":0},"end":{"line":201,"column":46}},"201":{"start":{"line":202,"column":0},"end":{"line":202,"column":9}},"202":{"start":{"line":203,"column":0},"end":{"line":203,"column":7}},"204":{"start":{"line":205,"column":0},"end":{"line":205,"column":27}},"205":{"start":{"line":206,"column":0},"end":{"line":206,"column":41}},"206":{"start":{"line":207,"column":0},"end":{"line":207,"column":60}},"207":{"start":{"line":208,"column":0},"end":{"line":208,"column":7}},"209":{"start":{"line":210,"column":0},"end":{"line":210,"column":21}},"210":{"start":{"line":211,"column":0},"end":{"line":211,"column":24}},"212":{"start":{"line":213,"column":0},"end":{"line":213,"column":30}},"213":{"start":{"line":214,"column":0},"end":{"line":214,"column":9}},"215":{"start":{"line":216,"column":0},"end":{"line":216,"column":67}},"218":{"start":{"line":219,"column":0},"end":{"line":219,"column":55}},"220":{"start":{"line":221,"column":0},"end":{"line":221,"column":50}},"221":{"start":{"line":222,"column":0},"end":{"line":222,"column":29}},"234":{"start":{"line":235,"column":0},"end":{"line":235,"column":48}},"235":{"start":{"line":236,"column":0},"end":{"line":236,"column":27}},"245":{"start":{"line":246,"column":0},"end":{"line":246,"column":47}},"246":{"start":{"line":247,"column":0},"end":{"line":247,"column":52}},"247":{"start":{"line":248,"column":0},"end":{"line":248,"column":81}},"249":{"start":{"line":250,"column":0},"end":{"line":250,"column":53}},"250":{"start":{"line":251,"column":0},"end":{"line":251,"column":110}},"251":{"start":{"line":252,"column":0},"end":{"line":252,"column":89}},"253":{"start":{"line":254,"column":0},"end":{"line":254,"column":56}},"254":{"start":{"line":255,"column":0},"end":{"line":255,"column":26}},"255":{"start":{"line":256,"column":0},"end":{"line":256,"column":30}},"266":{"start":{"line":267,"column":0},"end":{"line":267,"column":29}},"268":{"start":{"line":269,"column":0},"end":{"line":269,"column":58}},"269":{"start":{"line":270,"column":0},"end":{"line":270,"column":58}},"271":{"start":{"line":272,"column":0},"end":{"line":272,"column":58}},"272":{"start":{"line":273,"column":0},"end":{"line":273,"column":50}},"273":{"start":{"line":274,"column":0},"end":{"line":274,"column":34}},"283":{"start":{"line":284,"column":0},"end":{"line":284,"column":57}},"284":{"start":{"line":285,"column":0},"end":{"line":285,"column":39}},"285":{"start":{"line":286,"column":0},"end":{"line":286,"column":33}},"295":{"start":{"line":296,"column":0},"end":{"line":296,"column":34}},"296":{"start":{"line":297,"column":0},"end":{"line":297,"column":23}},"297":{"start":{"line":298,"column":0},"end":{"line":298,"column":24}},"298":{"start":{"line":299,"column":0},"end":{"line":299,"column":59}},"299":{"start":{"line":300,"column":0},"end":{"line":300,"column":6}},"301":{"start":{"line":302,"column":0},"end":{"line":302,"column":33}},"302":{"start":{"line":303,"column":0},"end":{"line":303,"column":41}},"303":{"start":{"line":304,"column":0},"end":{"line":304,"column":6}},"305":{"start":{"line":306,"column":0},"end":{"line":306,"column":30}},"306":{"start":{"line":307,"column":0},"end":{"line":307,"column":33}},"307":{"start":{"line":308,"column":0},"end":{"line":308,"column":43}},"308":{"start":{"line":309,"column":0},"end":{"line":309,"column":7}},"309":{"start":{"line":310,"column":0},"end":{"line":310,"column":6}},"311":{"start":{"line":312,"column":0},"end":{"line":312,"column":68}},"312":{"start":{"line":313,"column":0},"end":{"line":313,"column":31}},"313":{"start":{"line":314,"column":0},"end":{"line":314,"column":43}},"314":{"start":{"line":315,"column":0},"end":{"line":315,"column":63}},"315":{"start":{"line":316,"column":0},"end":{"line":316,"column":7}},"316":{"start":{"line":317,"column":0},"end":{"line":317,"column":7}},"319":{"start":{"line":320,"column":0},"end":{"line":320,"column":46}},"320":{"start":{"line":321,"column":0},"end":{"line":321,"column":45}},"321":{"start":{"line":322,"column":0},"end":{"line":322,"column":29}},"322":{"start":{"line":323,"column":0},"end":{"line":323,"column":36}},"323":{"start":{"line":324,"column":0},"end":{"line":324,"column":32}},"324":{"start":{"line":325,"column":0},"end":{"line":325,"column":39}},"325":{"start":{"line":326,"column":0},"end":{"line":326,"column":31}},"326":{"start":{"line":327,"column":0},"end":{"line":327,"column":39}},"329":{"start":{"line":330,"column":0},"end":{"line":330,"column":22}},"330":{"start":{"line":331,"column":0},"end":{"line":331,"column":23}},"331":{"start":{"line":332,"column":0},"end":{"line":332,"column":24}},"332":{"start":{"line":333,"column":0},"end":{"line":333,"column":59}},"333":{"start":{"line":334,"column":0},"end":{"line":334,"column":12}},"334":{"start":{"line":335,"column":0},"end":{"line":335,"column":9}},"337":{"start":{"line":338,"column":0},"end":{"line":338,"column":46}},"338":{"start":{"line":339,"column":0},"end":{"line":339,"column":23}},"339":{"start":{"line":340,"column":0},"end":{"line":340,"column":23}},"340":{"start":{"line":341,"column":0},"end":{"line":341,"column":5}},"343":{"start":{"line":344,"column":0},"end":{"line":344,"column":70}},"344":{"start":{"line":345,"column":0},"end":{"line":345,"column":58}},"345":{"start":{"line":346,"column":0},"end":{"line":346,"column":17}},"346":{"start":{"line":347,"column":0},"end":{"line":347,"column":17}},"347":{"start":{"line":348,"column":0},"end":{"line":348,"column":5}},"350":{"start":{"line":351,"column":0},"end":{"line":351,"column":55}},"351":{"start":{"line":352,"column":0},"end":{"line":352,"column":54}},"354":{"start":{"line":355,"column":0},"end":{"line":355,"column":54}},"355":{"start":{"line":356,"column":0},"end":{"line":356,"column":62}},"356":{"start":{"line":357,"column":0},"end":{"line":357,"column":58}},"357":{"start":{"line":358,"column":0},"end":{"line":358,"column":66}},"358":{"start":{"line":359,"column":0},"end":{"line":359,"column":68}},"361":{"start":{"line":362,"column":0},"end":{"line":362,"column":53}},"364":{"start":{"line":365,"column":0},"end":{"line":365,"column":66}},"366":{"start":{"line":367,"column":0},"end":{"line":367,"column":67}},"367":{"start":{"line":368,"column":0},"end":{"line":368,"column":75}},"368":{"start":{"line":369,"column":0},"end":{"line":369,"column":66}},"369":{"start":{"line":370,"column":0},"end":{"line":370,"column":56}},"370":{"start":{"line":371,"column":0},"end":{"line":371,"column":54}},"371":{"start":{"line":372,"column":0},"end":{"line":372,"column":96}},"374":{"start":{"line":375,"column":0},"end":{"line":375,"column":74}},"375":{"start":{"line":376,"column":0},"end":{"line":376,"column":57}},"376":{"start":{"line":377,"column":0},"end":{"line":377,"column":37}},"377":{"start":{"line":378,"column":0},"end":{"line":378,"column":48}},"378":{"start":{"line":379,"column":0},"end":{"line":379,"column":7}},"379":{"start":{"line":380,"column":0},"end":{"line":380,"column":25}},"380":{"start":{"line":381,"column":0},"end":{"line":381,"column":5}},"381":{"start":{"line":382,"column":0},"end":{"line":382,"column":73}},"382":{"start":{"line":383,"column":0},"end":{"line":383,"column":75}},"383":{"start":{"line":384,"column":0},"end":{"line":384,"column":62}},"384":{"start":{"line":385,"column":0},"end":{"line":385,"column":95}},"385":{"start":{"line":386,"column":0},"end":{"line":386,"column":54}},"386":{"start":{"line":387,"column":0},"end":{"line":387,"column":60}},"387":{"start":{"line":388,"column":0},"end":{"line":388,"column":56}},"392":{"start":{"line":393,"column":0},"end":{"line":393,"column":52}},"393":{"start":{"line":394,"column":0},"end":{"line":394,"column":53}},"394":{"start":{"line":395,"column":0},"end":{"line":395,"column":54}},"396":{"start":{"line":397,"column":0},"end":{"line":397,"column":93}},"397":{"start":{"line":398,"column":0},"end":{"line":398,"column":20}},"398":{"start":{"line":399,"column":0},"end":{"line":399,"column":22}},"399":{"start":{"line":400,"column":0},"end":{"line":400,"column":22}},"400":{"start":{"line":401,"column":0},"end":{"line":401,"column":9}},"403":{"start":{"line":404,"column":0},"end":{"line":404,"column":43}},"404":{"start":{"line":405,"column":0},"end":{"line":405,"column":16}},"405":{"start":{"line":406,"column":0},"end":{"line":406,"column":20}},"406":{"start":{"line":407,"column":0},"end":{"line":407,"column":29}},"407":{"start":{"line":408,"column":0},"end":{"line":408,"column":19}},"408":{"start":{"line":409,"column":0},"end":{"line":409,"column":24}},"409":{"start":{"line":410,"column":0},"end":{"line":410,"column":11}},"410":{"start":{"line":411,"column":0},"end":{"line":411,"column":7}},"413":{"start":{"line":414,"column":0},"end":{"line":414,"column":58}},"414":{"start":{"line":415,"column":0},"end":{"line":415,"column":35}},"417":{"start":{"line":418,"column":0},"end":{"line":418,"column":28}},"418":{"start":{"line":419,"column":0},"end":{"line":419,"column":24}},"419":{"start":{"line":420,"column":0},"end":{"line":420,"column":29}},"420":{"start":{"line":421,"column":0},"end":{"line":421,"column":14}},"421":{"start":{"line":422,"column":0},"end":{"line":422,"column":12}},"422":{"start":{"line":423,"column":0},"end":{"line":423,"column":53}},"423":{"start":{"line":424,"column":0},"end":{"line":424,"column":5}},"424":{"start":{"line":425,"column":0},"end":{"line":425,"column":24}},"427":{"start":{"line":428,"column":0},"end":{"line":428,"column":48}},"428":{"start":{"line":429,"column":0},"end":{"line":429,"column":36}},"431":{"start":{"line":432,"column":0},"end":{"line":432,"column":9}},"432":{"start":{"line":433,"column":0},"end":{"line":433,"column":154}},"433":{"start":{"line":434,"column":0},"end":{"line":434,"column":41}},"435":{"start":{"line":436,"column":0},"end":{"line":436,"column":36}},"436":{"start":{"line":437,"column":0},"end":{"line":437,"column":31}},"437":{"start":{"line":438,"column":0},"end":{"line":438,"column":43}},"438":{"start":{"line":439,"column":0},"end":{"line":439,"column":43}},"440":{"start":{"line":441,"column":0},"end":{"line":441,"column":22}},"441":{"start":{"line":442,"column":0},"end":{"line":442,"column":24}},"442":{"start":{"line":443,"column":0},"end":{"line":443,"column":24}},"443":{"start":{"line":444,"column":0},"end":{"line":444,"column":11}},"446":{"start":{"line":447,"column":0},"end":{"line":447,"column":45}},"447":{"start":{"line":448,"column":0},"end":{"line":448,"column":18}},"448":{"start":{"line":449,"column":0},"end":{"line":449,"column":22}},"449":{"start":{"line":450,"column":0},"end":{"line":450,"column":31}},"450":{"start":{"line":451,"column":0},"end":{"line":451,"column":21}},"451":{"start":{"line":452,"column":0},"end":{"line":452,"column":26}},"452":{"start":{"line":453,"column":0},"end":{"line":453,"column":13}},"453":{"start":{"line":454,"column":0},"end":{"line":454,"column":9}},"456":{"start":{"line":457,"column":0},"end":{"line":457,"column":30}},"457":{"start":{"line":458,"column":0},"end":{"line":458,"column":26}},"458":{"start":{"line":459,"column":0},"end":{"line":459,"column":31}},"459":{"start":{"line":460,"column":0},"end":{"line":460,"column":16}},"460":{"start":{"line":461,"column":0},"end":{"line":461,"column":14}},"461":{"start":{"line":462,"column":0},"end":{"line":462,"column":63}},"462":{"start":{"line":463,"column":0},"end":{"line":463,"column":7}},"463":{"start":{"line":464,"column":0},"end":{"line":464,"column":21}},"464":{"start":{"line":465,"column":0},"end":{"line":465,"column":47}},"465":{"start":{"line":466,"column":0},"end":{"line":466,"column":44}},"466":{"start":{"line":467,"column":0},"end":{"line":467,"column":5}},"467":{"start":{"line":468,"column":0},"end":{"line":468,"column":20}},"470":{"start":{"line":471,"column":0},"end":{"line":471,"column":68}},"471":{"start":{"line":472,"column":0},"end":{"line":472,"column":68}},"472":{"start":{"line":473,"column":0},"end":{"line":473,"column":104}},"473":{"start":{"line":474,"column":0},"end":{"line":474,"column":77}},"474":{"start":{"line":475,"column":0},"end":{"line":475,"column":18}},"475":{"start":{"line":476,"column":0},"end":{"line":476,"column":5}},"477":{"start":{"line":478,"column":0},"end":{"line":478,"column":83}},"479":{"start":{"line":480,"column":0},"end":{"line":480,"column":61}},"480":{"start":{"line":481,"column":0},"end":{"line":481,"column":80}},"481":{"start":{"line":482,"column":0},"end":{"line":482,"column":50}},"484":{"start":{"line":485,"column":0},"end":{"line":485,"column":68}},"485":{"start":{"line":486,"column":0},"end":{"line":486,"column":74}},"486":{"start":{"line":487,"column":0},"end":{"line":487,"column":18}},"487":{"start":{"line":488,"column":0},"end":{"line":488,"column":5}},"489":{"start":{"line":490,"column":0},"end":{"line":490,"column":110}},"492":{"start":{"line":493,"column":0},"end":{"line":493,"column":103}},"493":{"start":{"line":494,"column":0},"end":{"line":494,"column":88}},"494":{"start":{"line":495,"column":0},"end":{"line":495,"column":51}},"495":{"start":{"line":496,"column":0},"end":{"line":496,"column":53}},"499":{"start":{"line":500,"column":0},"end":{"line":500,"column":86}},"502":{"start":{"line":503,"column":0},"end":{"line":503,"column":59}},"503":{"start":{"line":504,"column":0},"end":{"line":504,"column":68}},"505":{"start":{"line":506,"column":0},"end":{"line":506,"column":24}},"508":{"start":{"line":509,"column":0},"end":{"line":509,"column":41}},"512":{"start":{"line":513,"column":0},"end":{"line":513,"column":67}},"513":{"start":{"line":514,"column":0},"end":{"line":514,"column":54}},"514":{"start":{"line":515,"column":0},"end":{"line":515,"column":19}},"515":{"start":{"line":516,"column":0},"end":{"line":516,"column":22}},"516":{"start":{"line":517,"column":0},"end":{"line":517,"column":19}},"517":{"start":{"line":518,"column":0},"end":{"line":518,"column":23}},"518":{"start":{"line":519,"column":0},"end":{"line":519,"column":19}},"519":{"start":{"line":520,"column":0},"end":{"line":520,"column":24}},"520":{"start":{"line":521,"column":0},"end":{"line":521,"column":21}},"521":{"start":{"line":522,"column":0},"end":{"line":522,"column":23}},"522":{"start":{"line":523,"column":0},"end":{"line":523,"column":8}},"523":{"start":{"line":524,"column":0},"end":{"line":524,"column":41}},"524":{"start":{"line":525,"column":0},"end":{"line":525,"column":6}},"527":{"start":{"line":528,"column":0},"end":{"line":528,"column":93}},"530":{"start":{"line":531,"column":0},"end":{"line":531,"column":66}},"532":{"start":{"line":533,"column":0},"end":{"line":533,"column":44}},"533":{"start":{"line":534,"column":0},"end":{"line":534,"column":29}},"534":{"start":{"line":535,"column":0},"end":{"line":535,"column":72}},"535":{"start":{"line":536,"column":0},"end":{"line":536,"column":25}},"536":{"start":{"line":537,"column":0},"end":{"line":537,"column":44}},"537":{"start":{"line":538,"column":0},"end":{"line":538,"column":7}},"539":{"start":{"line":540,"column":0},"end":{"line":540,"column":83}},"540":{"start":{"line":541,"column":0},"end":{"line":541,"column":121}},"543":{"start":{"line":544,"column":0},"end":{"line":544,"column":44}},"544":{"start":{"line":545,"column":0},"end":{"line":545,"column":45}},"546":{"start":{"line":547,"column":0},"end":{"line":547,"column":84}},"547":{"start":{"line":548,"column":0},"end":{"line":548,"column":122}},"549":{"start":{"line":550,"column":0},"end":{"line":550,"column":86}},"550":{"start":{"line":551,"column":0},"end":{"line":551,"column":124}},"553":{"start":{"line":554,"column":0},"end":{"line":554,"column":38}},"554":{"start":{"line":555,"column":0},"end":{"line":555,"column":36}},"555":{"start":{"line":556,"column":0},"end":{"line":556,"column":40}},"556":{"start":{"line":557,"column":0},"end":{"line":557,"column":62}},"558":{"start":{"line":559,"column":0},"end":{"line":559,"column":25}},"559":{"start":{"line":560,"column":0},"end":{"line":560,"column":22}},"560":{"start":{"line":561,"column":0},"end":{"line":561,"column":19}},"561":{"start":{"line":562,"column":0},"end":{"line":562,"column":38}},"562":{"start":{"line":563,"column":0},"end":{"line":563,"column":35}},"563":{"start":{"line":564,"column":0},"end":{"line":564,"column":47}},"564":{"start":{"line":565,"column":0},"end":{"line":565,"column":31}},"565":{"start":{"line":566,"column":0},"end":{"line":566,"column":68}},"566":{"start":{"line":567,"column":0},"end":{"line":567,"column":8}},"567":{"start":{"line":568,"column":0},"end":{"line":568,"column":17}},"568":{"start":{"line":569,"column":0},"end":{"line":569,"column":24}},"569":{"start":{"line":570,"column":0},"end":{"line":570,"column":31}},"570":{"start":{"line":571,"column":0},"end":{"line":571,"column":7}},"571":{"start":{"line":572,"column":0},"end":{"line":572,"column":6}},"573":{"start":{"line":574,"column":0},"end":{"line":574,"column":20}},"574":{"start":{"line":575,"column":0},"end":{"line":575,"column":32}},"575":{"start":{"line":576,"column":0},"end":{"line":576,"column":29}},"576":{"start":{"line":577,"column":0},"end":{"line":577,"column":6}},"578":{"start":{"line":579,"column":0},"end":{"line":579,"column":53}},"579":{"start":{"line":580,"column":0},"end":{"line":580,"column":18}},"580":{"start":{"line":581,"column":0},"end":{"line":581,"column":9}},"583":{"start":{"line":584,"column":0},"end":{"line":584,"column":57}},"584":{"start":{"line":585,"column":0},"end":{"line":585,"column":26}},"586":{"start":{"line":587,"column":0},"end":{"line":587,"column":9}},"587":{"start":{"line":588,"column":0},"end":{"line":588,"column":59}},"588":{"start":{"line":589,"column":0},"end":{"line":589,"column":23}},"589":{"start":{"line":590,"column":0},"end":{"line":590,"column":18}},"590":{"start":{"line":591,"column":0},"end":{"line":591,"column":45}},"591":{"start":{"line":592,"column":0},"end":{"line":592,"column":10}},"592":{"start":{"line":593,"column":0},"end":{"line":593,"column":30}},"593":{"start":{"line":594,"column":0},"end":{"line":594,"column":41}},"594":{"start":{"line":595,"column":0},"end":{"line":595,"column":39}},"595":{"start":{"line":596,"column":0},"end":{"line":596,"column":105}},"596":{"start":{"line":597,"column":0},"end":{"line":597,"column":10}},"597":{"start":{"line":598,"column":0},"end":{"line":598,"column":9}},"599":{"start":{"line":600,"column":0},"end":{"line":600,"column":25}},"600":{"start":{"line":601,"column":0},"end":{"line":601,"column":66}},"601":{"start":{"line":602,"column":0},"end":{"line":602,"column":7}},"603":{"start":{"line":604,"column":0},"end":{"line":604,"column":41}},"604":{"start":{"line":605,"column":0},"end":{"line":605,"column":50}},"605":{"start":{"line":606,"column":0},"end":{"line":606,"column":67}},"606":{"start":{"line":607,"column":0},"end":{"line":607,"column":28}},"607":{"start":{"line":608,"column":0},"end":{"line":608,"column":32}},"610":{"start":{"line":611,"column":0},"end":{"line":611,"column":47}},"611":{"start":{"line":612,"column":0},"end":{"line":612,"column":40}},"612":{"start":{"line":613,"column":0},"end":{"line":613,"column":17}},"613":{"start":{"line":614,"column":0},"end":{"line":614,"column":48}},"614":{"start":{"line":615,"column":0},"end":{"line":615,"column":33}},"615":{"start":{"line":616,"column":0},"end":{"line":616,"column":14}},"616":{"start":{"line":617,"column":0},"end":{"line":617,"column":39}},"617":{"start":{"line":618,"column":0},"end":{"line":618,"column":7}},"619":{"start":{"line":620,"column":0},"end":{"line":620,"column":62}},"620":{"start":{"line":621,"column":0},"end":{"line":621,"column":26}},"622":{"start":{"line":623,"column":0},"end":{"line":623,"column":21}},"623":{"start":{"line":624,"column":0},"end":{"line":624,"column":56}},"624":{"start":{"line":625,"column":0},"end":{"line":625,"column":77}},"625":{"start":{"line":626,"column":0},"end":{"line":626,"column":15}},"626":{"start":{"line":627,"column":0},"end":{"line":627,"column":29}},"627":{"start":{"line":628,"column":0},"end":{"line":628,"column":5}},"628":{"start":{"line":629,"column":0},"end":{"line":629,"column":41}},"631":{"start":{"line":632,"column":0},"end":{"line":632,"column":58}},"632":{"start":{"line":633,"column":0},"end":{"line":633,"column":30}},"634":{"start":{"line":635,"column":0},"end":{"line":635,"column":9}},"635":{"start":{"line":636,"column":0},"end":{"line":636,"column":29}},"640":{"start":{"line":641,"column":0},"end":{"line":641,"column":41}},"641":{"start":{"line":642,"column":0},"end":{"line":642,"column":39}},"642":{"start":{"line":643,"column":0},"end":{"line":643,"column":39}},"643":{"start":{"line":644,"column":0},"end":{"line":644,"column":45}},"644":{"start":{"line":645,"column":0},"end":{"line":645,"column":42}},"645":{"start":{"line":646,"column":0},"end":{"line":646,"column":42}},"646":{"start":{"line":647,"column":0},"end":{"line":647,"column":110}},"647":{"start":{"line":648,"column":0},"end":{"line":648,"column":69}},"650":{"start":{"line":651,"column":0},"end":{"line":651,"column":93}},"651":{"start":{"line":652,"column":0},"end":{"line":652,"column":59}},"652":{"start":{"line":653,"column":0},"end":{"line":653,"column":81}},"653":{"start":{"line":654,"column":0},"end":{"line":654,"column":97}},"654":{"start":{"line":655,"column":0},"end":{"line":655,"column":86}},"655":{"start":{"line":656,"column":0},"end":{"line":656,"column":81}},"656":{"start":{"line":657,"column":0},"end":{"line":657,"column":199}},"659":{"start":{"line":660,"column":0},"end":{"line":660,"column":95}},"660":{"start":{"line":661,"column":0},"end":{"line":661,"column":102}},"661":{"start":{"line":662,"column":0},"end":{"line":662,"column":106}},"662":{"start":{"line":663,"column":0},"end":{"line":663,"column":154}},"663":{"start":{"line":664,"column":0},"end":{"line":664,"column":86}},"664":{"start":{"line":665,"column":0},"end":{"line":665,"column":172}},"667":{"start":{"line":668,"column":0},"end":{"line":668,"column":44}},"668":{"start":{"line":669,"column":0},"end":{"line":669,"column":69}},"669":{"start":{"line":670,"column":0},"end":{"line":670,"column":65}},"670":{"start":{"line":671,"column":0},"end":{"line":671,"column":95}},"671":{"start":{"line":672,"column":0},"end":{"line":672,"column":84}},"672":{"start":{"line":673,"column":0},"end":{"line":673,"column":237}},"675":{"start":{"line":676,"column":0},"end":{"line":676,"column":54}},"676":{"start":{"line":677,"column":0},"end":{"line":677,"column":62}},"677":{"start":{"line":678,"column":0},"end":{"line":678,"column":71}},"678":{"start":{"line":679,"column":0},"end":{"line":679,"column":89}},"679":{"start":{"line":680,"column":0},"end":{"line":680,"column":128}},"682":{"start":{"line":683,"column":0},"end":{"line":683,"column":38}},"683":{"start":{"line":684,"column":0},"end":{"line":684,"column":55}},"684":{"start":{"line":685,"column":0},"end":{"line":685,"column":63}},"685":{"start":{"line":686,"column":0},"end":{"line":686,"column":83}},"686":{"start":{"line":687,"column":0},"end":{"line":687,"column":111}},"689":{"start":{"line":690,"column":0},"end":{"line":690,"column":63}},"690":{"start":{"line":691,"column":0},"end":{"line":691,"column":79}},"691":{"start":{"line":692,"column":0},"end":{"line":692,"column":51}},"692":{"start":{"line":693,"column":0},"end":{"line":693,"column":61}},"693":{"start":{"line":694,"column":0},"end":{"line":694,"column":56}},"694":{"start":{"line":695,"column":0},"end":{"line":695,"column":34}},"695":{"start":{"line":696,"column":0},"end":{"line":696,"column":237}},"698":{"start":{"line":699,"column":0},"end":{"line":699,"column":40}},"699":{"start":{"line":700,"column":0},"end":{"line":700,"column":15}},"701":{"start":{"line":702,"column":0},"end":{"line":702,"column":57}},"702":{"start":{"line":703,"column":0},"end":{"line":703,"column":59}},"704":{"start":{"line":705,"column":0},"end":{"line":705,"column":20}},"705":{"start":{"line":706,"column":0},"end":{"line":706,"column":61}},"706":{"start":{"line":707,"column":0},"end":{"line":707,"column":14}},"708":{"start":{"line":709,"column":0},"end":{"line":709,"column":79}},"709":{"start":{"line":710,"column":0},"end":{"line":710,"column":37}},"710":{"start":{"line":711,"column":0},"end":{"line":711,"column":7}},"712":{"start":{"line":713,"column":0},"end":{"line":713,"column":21}},"713":{"start":{"line":714,"column":0},"end":{"line":714,"column":58}},"714":{"start":{"line":715,"column":0},"end":{"line":715,"column":57}},"715":{"start":{"line":716,"column":0},"end":{"line":716,"column":5}},"716":{"start":{"line":717,"column":0},"end":{"line":717,"column":38}},"719":{"start":{"line":720,"column":0},"end":{"line":720,"column":64}},"720":{"start":{"line":721,"column":0},"end":{"line":721,"column":61}},"721":{"start":{"line":722,"column":0},"end":{"line":722,"column":46}},"723":{"start":{"line":724,"column":0},"end":{"line":724,"column":9}},"724":{"start":{"line":725,"column":0},"end":{"line":725,"column":48}},"725":{"start":{"line":726,"column":0},"end":{"line":726,"column":25}},"726":{"start":{"line":727,"column":0},"end":{"line":727,"column":81}},"727":{"start":{"line":728,"column":0},"end":{"line":728,"column":7}},"728":{"start":{"line":729,"column":0},"end":{"line":729,"column":41}},"730":{"start":{"line":731,"column":0},"end":{"line":731,"column":29}},"731":{"start":{"line":732,"column":0},"end":{"line":732,"column":16}},"732":{"start":{"line":733,"column":0},"end":{"line":733,"column":23}},"733":{"start":{"line":734,"column":0},"end":{"line":734,"column":10}},"736":{"start":{"line":737,"column":0},"end":{"line":737,"column":46}},"737":{"start":{"line":738,"column":0},"end":{"line":738,"column":28}},"738":{"start":{"line":739,"column":0},"end":{"line":739,"column":28}},"739":{"start":{"line":740,"column":0},"end":{"line":740,"column":56}},"740":{"start":{"line":741,"column":0},"end":{"line":741,"column":16}},"741":{"start":{"line":742,"column":0},"end":{"line":742,"column":33}},"742":{"start":{"line":743,"column":0},"end":{"line":743,"column":60}},"743":{"start":{"line":744,"column":0},"end":{"line":744,"column":16}},"744":{"start":{"line":745,"column":0},"end":{"line":745,"column":30}},"745":{"start":{"line":746,"column":0},"end":{"line":746,"column":57}},"746":{"start":{"line":747,"column":0},"end":{"line":747,"column":16}},"747":{"start":{"line":748,"column":0},"end":{"line":748,"column":30}},"748":{"start":{"line":749,"column":0},"end":{"line":749,"column":73}},"749":{"start":{"line":750,"column":0},"end":{"line":750,"column":16}},"750":{"start":{"line":751,"column":0},"end":{"line":751,"column":38}},"751":{"start":{"line":752,"column":0},"end":{"line":752,"column":65}},"752":{"start":{"line":753,"column":0},"end":{"line":753,"column":16}},"753":{"start":{"line":754,"column":0},"end":{"line":754,"column":33}},"754":{"start":{"line":755,"column":0},"end":{"line":755,"column":61}},"755":{"start":{"line":756,"column":0},"end":{"line":756,"column":16}},"756":{"start":{"line":757,"column":0},"end":{"line":757,"column":7}},"758":{"start":{"line":759,"column":0},"end":{"line":759,"column":34}},"759":{"start":{"line":760,"column":0},"end":{"line":760,"column":16}},"760":{"start":{"line":761,"column":0},"end":{"line":761,"column":32}},"761":{"start":{"line":762,"column":0},"end":{"line":762,"column":10}},"763":{"start":{"line":764,"column":0},"end":{"line":764,"column":58}},"764":{"start":{"line":765,"column":0},"end":{"line":765,"column":21}},"765":{"start":{"line":766,"column":0},"end":{"line":766,"column":62}},"766":{"start":{"line":767,"column":0},"end":{"line":767,"column":5}},"767":{"start":{"line":768,"column":0},"end":{"line":768,"column":18}},"770":{"start":{"line":771,"column":0},"end":{"line":771,"column":45}},"771":{"start":{"line":772,"column":0},"end":{"line":772,"column":41}},"772":{"start":{"line":773,"column":0},"end":{"line":773,"column":21}},"774":{"start":{"line":775,"column":0},"end":{"line":775,"column":25}},"775":{"start":{"line":776,"column":0},"end":{"line":776,"column":85}},"778":{"start":{"line":779,"column":0},"end":{"line":779,"column":42}},"779":{"start":{"line":780,"column":0},"end":{"line":780,"column":30}},"780":{"start":{"line":781,"column":0},"end":{"line":781,"column":26}},"781":{"start":{"line":782,"column":0},"end":{"line":782,"column":46}},"782":{"start":{"line":783,"column":0},"end":{"line":783,"column":46}},"783":{"start":{"line":784,"column":0},"end":{"line":784,"column":9}},"784":{"start":{"line":785,"column":0},"end":{"line":785,"column":8}},"785":{"start":{"line":786,"column":0},"end":{"line":786,"column":27}},"786":{"start":{"line":787,"column":0},"end":{"line":787,"column":54}},"787":{"start":{"line":788,"column":0},"end":{"line":788,"column":8}},"788":{"start":{"line":789,"column":0},"end":{"line":789,"column":30}},"789":{"start":{"line":790,"column":0},"end":{"line":790,"column":5}},"792":{"start":{"line":793,"column":0},"end":{"line":793,"column":89}},"793":{"start":{"line":794,"column":0},"end":{"line":794,"column":39}},"794":{"start":{"line":795,"column":0},"end":{"line":795,"column":54}},"795":{"start":{"line":796,"column":0},"end":{"line":796,"column":42}},"796":{"start":{"line":797,"column":0},"end":{"line":797,"column":36}},"797":{"start":{"line":798,"column":0},"end":{"line":798,"column":51}},"798":{"start":{"line":799,"column":0},"end":{"line":799,"column":50}},"799":{"start":{"line":800,"column":0},"end":{"line":800,"column":52}},"800":{"start":{"line":801,"column":0},"end":{"line":801,"column":84}},"801":{"start":{"line":802,"column":0},"end":{"line":802,"column":68}},"802":{"start":{"line":803,"column":0},"end":{"line":803,"column":13}},"803":{"start":{"line":804,"column":0},"end":{"line":804,"column":9}},"804":{"start":{"line":805,"column":0},"end":{"line":805,"column":7}},"805":{"start":{"line":806,"column":0},"end":{"line":806,"column":5}},"808":{"start":{"line":809,"column":0},"end":{"line":809,"column":60}},"809":{"start":{"line":810,"column":0},"end":{"line":810,"column":34}},"810":{"start":{"line":811,"column":0},"end":{"line":811,"column":13}},"811":{"start":{"line":812,"column":0},"end":{"line":812,"column":34}},"812":{"start":{"line":813,"column":0},"end":{"line":813,"column":40}},"814":{"start":{"line":815,"column":0},"end":{"line":815,"column":30}},"815":{"start":{"line":816,"column":0},"end":{"line":816,"column":17}},"816":{"start":{"line":817,"column":0},"end":{"line":817,"column":42}},"817":{"start":{"line":818,"column":0},"end":{"line":818,"column":42}},"818":{"start":{"line":819,"column":0},"end":{"line":819,"column":96}},"819":{"start":{"line":820,"column":0},"end":{"line":820,"column":15}},"820":{"start":{"line":821,"column":0},"end":{"line":821,"column":29}},"821":{"start":{"line":822,"column":0},"end":{"line":822,"column":74}},"822":{"start":{"line":823,"column":0},"end":{"line":823,"column":13}},"823":{"start":{"line":824,"column":0},"end":{"line":824,"column":12}},"825":{"start":{"line":826,"column":0},"end":{"line":826,"column":31}},"826":{"start":{"line":827,"column":0},"end":{"line":827,"column":61}},"827":{"start":{"line":828,"column":0},"end":{"line":828,"column":12}},"829":{"start":{"line":830,"column":0},"end":{"line":830,"column":29}},"830":{"start":{"line":831,"column":0},"end":{"line":831,"column":25}},"831":{"start":{"line":832,"column":0},"end":{"line":832,"column":66}},"832":{"start":{"line":833,"column":0},"end":{"line":833,"column":9}},"833":{"start":{"line":834,"column":0},"end":{"line":834,"column":7}},"834":{"start":{"line":835,"column":0},"end":{"line":835,"column":5}},"837":{"start":{"line":838,"column":0},"end":{"line":838,"column":22}},"838":{"start":{"line":839,"column":0},"end":{"line":839,"column":26}},"839":{"start":{"line":840,"column":0},"end":{"line":840,"column":13}},"840":{"start":{"line":841,"column":0},"end":{"line":841,"column":26}},"843":{"start":{"line":844,"column":0},"end":{"line":844,"column":86}},"844":{"start":{"line":845,"column":0},"end":{"line":845,"column":24}},"845":{"start":{"line":846,"column":0},"end":{"line":846,"column":14}},"846":{"start":{"line":847,"column":0},"end":{"line":847,"column":24}},"847":{"start":{"line":848,"column":0},"end":{"line":848,"column":8}},"849":{"start":{"line":850,"column":0},"end":{"line":850,"column":48}},"850":{"start":{"line":851,"column":0},"end":{"line":851,"column":30}},"851":{"start":{"line":852,"column":0},"end":{"line":852,"column":35}},"852":{"start":{"line":853,"column":0},"end":{"line":853,"column":31}},"853":{"start":{"line":854,"column":0},"end":{"line":854,"column":5}},"854":{"start":{"line":855,"column":0},"end":{"line":855,"column":36}},"857":{"start":{"line":858,"column":0},"end":{"line":858,"column":19}},"858":{"start":{"line":859,"column":0},"end":{"line":859,"column":43}},"859":{"start":{"line":860,"column":0},"end":{"line":860,"column":30}},"860":{"start":{"line":861,"column":0},"end":{"line":861,"column":52}},"861":{"start":{"line":862,"column":0},"end":{"line":862,"column":42}},"862":{"start":{"line":863,"column":0},"end":{"line":863,"column":40}},"864":{"start":{"line":865,"column":0},"end":{"line":865,"column":46}},"865":{"start":{"line":866,"column":0},"end":{"line":866,"column":41}},"866":{"start":{"line":867,"column":0},"end":{"line":867,"column":39}},"867":{"start":{"line":868,"column":0},"end":{"line":868,"column":9}},"868":{"start":{"line":869,"column":0},"end":{"line":869,"column":7}},"869":{"start":{"line":870,"column":0},"end":{"line":870,"column":31}},"871":{"start":{"line":872,"column":0},"end":{"line":872,"column":41}},"872":{"start":{"line":873,"column":0},"end":{"line":873,"column":6}},"874":{"start":{"line":875,"column":0},"end":{"line":875,"column":24}},"875":{"start":{"line":876,"column":0},"end":{"line":876,"column":9}},"878":{"start":{"line":879,"column":0},"end":{"line":879,"column":19}},"879":{"start":{"line":880,"column":0},"end":{"line":880,"column":41}},"880":{"start":{"line":881,"column":0},"end":{"line":881,"column":37}},"881":{"start":{"line":882,"column":0},"end":{"line":882,"column":18}},"882":{"start":{"line":883,"column":0},"end":{"line":883,"column":5}},"883":{"start":{"line":884,"column":0},"end":{"line":884,"column":35}},"886":{"start":{"line":887,"column":0},"end":{"line":887,"column":63}},"887":{"start":{"line":888,"column":0},"end":{"line":888,"column":50}},"888":{"start":{"line":889,"column":0},"end":{"line":889,"column":40}},"889":{"start":{"line":890,"column":0},"end":{"line":890,"column":38}},"891":{"start":{"line":892,"column":0},"end":{"line":892,"column":44}},"892":{"start":{"line":893,"column":0},"end":{"line":893,"column":39}},"893":{"start":{"line":894,"column":0},"end":{"line":894,"column":37}},"894":{"start":{"line":895,"column":0},"end":{"line":895,"column":7}},"895":{"start":{"line":896,"column":0},"end":{"line":896,"column":5}},"897":{"start":{"line":898,"column":0},"end":{"line":898,"column":39}},"898":{"start":{"line":899,"column":0},"end":{"line":899,"column":44}},"901":{"start":{"line":902,"column":0},"end":{"line":902,"column":19}},"902":{"start":{"line":903,"column":0},"end":{"line":903,"column":41}},"903":{"start":{"line":904,"column":0},"end":{"line":904,"column":21}},"905":{"start":{"line":906,"column":0},"end":{"line":906,"column":28}},"907":{"start":{"line":908,"column":0},"end":{"line":908,"column":44}},"908":{"start":{"line":909,"column":0},"end":{"line":909,"column":44}},"910":{"start":{"line":911,"column":0},"end":{"line":911,"column":66}},"911":{"start":{"line":912,"column":0},"end":{"line":912,"column":72}},"912":{"start":{"line":913,"column":0},"end":{"line":913,"column":33}},"914":{"start":{"line":915,"column":0},"end":{"line":915,"column":46}},"915":{"start":{"line":916,"column":0},"end":{"line":916,"column":16}},"917":{"start":{"line":918,"column":0},"end":{"line":918,"column":46}},"918":{"start":{"line":919,"column":0},"end":{"line":919,"column":9}},"919":{"start":{"line":920,"column":0},"end":{"line":920,"column":14}},"921":{"start":{"line":922,"column":0},"end":{"line":922,"column":34}},"923":{"start":{"line":924,"column":0},"end":{"line":924,"column":49}},"924":{"start":{"line":925,"column":0},"end":{"line":925,"column":75}},"925":{"start":{"line":926,"column":0},"end":{"line":926,"column":17}},"926":{"start":{"line":927,"column":0},"end":{"line":927,"column":50}},"927":{"start":{"line":928,"column":0},"end":{"line":928,"column":25}},"929":{"start":{"line":930,"column":0},"end":{"line":930,"column":27}},"930":{"start":{"line":931,"column":0},"end":{"line":931,"column":13}},"931":{"start":{"line":932,"column":0},"end":{"line":932,"column":13}},"933":{"start":{"line":934,"column":0},"end":{"line":934,"column":33}},"934":{"start":{"line":935,"column":0},"end":{"line":935,"column":35}},"936":{"start":{"line":937,"column":0},"end":{"line":937,"column":48}},"937":{"start":{"line":938,"column":0},"end":{"line":938,"column":18}},"938":{"start":{"line":939,"column":0},"end":{"line":939,"column":48}},"939":{"start":{"line":940,"column":0},"end":{"line":940,"column":11}},"940":{"start":{"line":941,"column":0},"end":{"line":941,"column":16}},"941":{"start":{"line":942,"column":0},"end":{"line":942,"column":46}},"942":{"start":{"line":943,"column":0},"end":{"line":943,"column":9}},"943":{"start":{"line":944,"column":0},"end":{"line":944,"column":7}},"944":{"start":{"line":945,"column":0},"end":{"line":945,"column":6}},"947":{"start":{"line":948,"column":0},"end":{"line":948,"column":40}},"948":{"start":{"line":949,"column":0},"end":{"line":949,"column":53}},"951":{"start":{"line":952,"column":0},"end":{"line":952,"column":19}},"952":{"start":{"line":953,"column":0},"end":{"line":953,"column":41}},"953":{"start":{"line":954,"column":0},"end":{"line":954,"column":21}},"955":{"start":{"line":956,"column":0},"end":{"line":956,"column":39}},"957":{"start":{"line":958,"column":0},"end":{"line":958,"column":30}},"958":{"start":{"line":959,"column":0},"end":{"line":959,"column":30}},"959":{"start":{"line":960,"column":0},"end":{"line":960,"column":31}},"961":{"start":{"line":962,"column":0},"end":{"line":962,"column":44}},"962":{"start":{"line":963,"column":0},"end":{"line":963,"column":14}},"963":{"start":{"line":964,"column":0},"end":{"line":964,"column":6}},"966":{"start":{"line":967,"column":0},"end":{"line":967,"column":23}},"967":{"start":{"line":968,"column":0},"end":{"line":968,"column":22}},"968":{"start":{"line":969,"column":0},"end":{"line":969,"column":12}},"969":{"start":{"line":970,"column":0},"end":{"line":970,"column":36}},"970":{"start":{"line":971,"column":0},"end":{"line":971,"column":5}},"972":{"start":{"line":973,"column":0},"end":{"line":973,"column":18}},"973":{"start":{"line":974,"column":0},"end":{"line":974,"column":37}},"974":{"start":{"line":975,"column":0},"end":{"line":975,"column":6}},"975":{"start":{"line":976,"column":0},"end":{"line":976,"column":36}},"978":{"start":{"line":979,"column":0},"end":{"line":979,"column":72}},"979":{"start":{"line":980,"column":0},"end":{"line":980,"column":77}},"980":{"start":{"line":981,"column":0},"end":{"line":981,"column":70}},"981":{"start":{"line":982,"column":0},"end":{"line":982,"column":24}},"982":{"start":{"line":983,"column":0},"end":{"line":983,"column":26}},"983":{"start":{"line":984,"column":0},"end":{"line":984,"column":25}},"985":{"start":{"line":986,"column":0},"end":{"line":986,"column":67}},"986":{"start":{"line":987,"column":0},"end":{"line":987,"column":77}},"987":{"start":{"line":988,"column":0},"end":{"line":988,"column":65}},"989":{"start":{"line":990,"column":0},"end":{"line":990,"column":18}},"990":{"start":{"line":991,"column":0},"end":{"line":991,"column":34}},"991":{"start":{"line":992,"column":0},"end":{"line":992,"column":32}},"992":{"start":{"line":993,"column":0},"end":{"line":993,"column":7}},"993":{"start":{"line":994,"column":0},"end":{"line":994,"column":25}},"995":{"start":{"line":996,"column":0},"end":{"line":996,"column":70}},"996":{"start":{"line":997,"column":0},"end":{"line":997,"column":77}},"997":{"start":{"line":998,"column":0},"end":{"line":998,"column":68}},"998":{"start":{"line":999,"column":0},"end":{"line":999,"column":25}},"1000":{"start":{"line":1001,"column":0},"end":{"line":1001,"column":22}},"1001":{"start":{"line":1002,"column":0},"end":{"line":1002,"column":27}},"1002":{"start":{"line":1003,"column":0},"end":{"line":1003,"column":12}},"1003":{"start":{"line":1004,"column":0},"end":{"line":1004,"column":25}},"1005":{"start":{"line":1006,"column":0},"end":{"line":1006,"column":47}},"1006":{"start":{"line":1007,"column":0},"end":{"line":1007,"column":11}},"1007":{"start":{"line":1008,"column":0},"end":{"line":1008,"column":15}},"1008":{"start":{"line":1009,"column":0},"end":{"line":1009,"column":11}},"1009":{"start":{"line":1010,"column":0},"end":{"line":1010,"column":14}},"1012":{"start":{"line":1013,"column":0},"end":{"line":1013,"column":23}},"1014":{"start":{"line":1015,"column":0},"end":{"line":1015,"column":27}},"1015":{"start":{"line":1016,"column":0},"end":{"line":1016,"column":51}},"1017":{"start":{"line":1018,"column":0},"end":{"line":1018,"column":70}},"1018":{"start":{"line":1019,"column":0},"end":{"line":1019,"column":9}},"1021":{"start":{"line":1022,"column":0},"end":{"line":1022,"column":53}},"1022":{"start":{"line":1023,"column":0},"end":{"line":1023,"column":84}},"1025":{"start":{"line":1026,"column":0},"end":{"line":1026,"column":27}},"1027":{"start":{"line":1028,"column":0},"end":{"line":1028,"column":29}},"1030":{"start":{"line":1031,"column":0},"end":{"line":1031,"column":18}},"1031":{"start":{"line":1032,"column":0},"end":{"line":1032,"column":28}},"1032":{"start":{"line":1033,"column":0},"end":{"line":1033,"column":26}},"1033":{"start":{"line":1034,"column":0},"end":{"line":1034,"column":7}},"1036":{"start":{"line":1037,"column":0},"end":{"line":1037,"column":26}},"1037":{"start":{"line":1038,"column":0},"end":{"line":1038,"column":22}},"1038":{"start":{"line":1039,"column":0},"end":{"line":1039,"column":27}},"1039":{"start":{"line":1040,"column":0},"end":{"line":1040,"column":12}},"1040":{"start":{"line":1041,"column":0},"end":{"line":1041,"column":25}},"1042":{"start":{"line":1043,"column":0},"end":{"line":1043,"column":77}},"1044":{"start":{"line":1045,"column":0},"end":{"line":1045,"column":20}},"1045":{"start":{"line":1046,"column":0},"end":{"line":1046,"column":21}},"1046":{"start":{"line":1047,"column":0},"end":{"line":1047,"column":17}},"1047":{"start":{"line":1048,"column":0},"end":{"line":1048,"column":71}},"1048":{"start":{"line":1049,"column":0},"end":{"line":1049,"column":62}},"1049":{"start":{"line":1050,"column":0},"end":{"line":1050,"column":4}},"1051":{"start":{"line":1052,"column":0},"end":{"line":1052,"column":33}},"1052":{"start":{"line":1053,"column":0},"end":{"line":1053,"column":43}},"1053":{"start":{"line":1054,"column":0},"end":{"line":1054,"column":4}},"1055":{"start":{"line":1056,"column":0},"end":{"line":1056,"column":27}},"1056":{"start":{"line":1057,"column":0},"end":{"line":1057,"column":31}},"1057":{"start":{"line":1058,"column":0},"end":{"line":1058,"column":4}},"1060":{"start":{"line":1061,"column":0},"end":{"line":1061,"column":43}},"1061":{"start":{"line":1062,"column":0},"end":{"line":1062,"column":41}},"1062":{"start":{"line":1063,"column":0},"end":{"line":1063,"column":21}},"1063":{"start":{"line":1064,"column":0},"end":{"line":1064,"column":24}},"1064":{"start":{"line":1065,"column":0},"end":{"line":1065,"column":30}},"1065":{"start":{"line":1066,"column":0},"end":{"line":1066,"column":23}},"1066":{"start":{"line":1067,"column":0},"end":{"line":1067,"column":5}},"1067":{"start":{"line":1068,"column":0},"end":{"line":1068,"column":16}},"1068":{"start":{"line":1069,"column":0},"end":{"line":1069,"column":18}},"1071":{"start":{"line":1072,"column":0},"end":{"line":1072,"column":19}},"1072":{"start":{"line":1073,"column":0},"end":{"line":1073,"column":41}},"1073":{"start":{"line":1074,"column":0},"end":{"line":1074,"column":21}},"1075":{"start":{"line":1076,"column":0},"end":{"line":1076,"column":39}},"1076":{"start":{"line":1077,"column":0},"end":{"line":1077,"column":64}},"1078":{"start":{"line":1079,"column":0},"end":{"line":1079,"column":26}},"1079":{"start":{"line":1080,"column":0},"end":{"line":1080,"column":52}},"1080":{"start":{"line":1081,"column":0},"end":{"line":1081,"column":28}},"1081":{"start":{"line":1082,"column":0},"end":{"line":1082,"column":43}},"1082":{"start":{"line":1083,"column":0},"end":{"line":1083,"column":40}},"1083":{"start":{"line":1084,"column":0},"end":{"line":1084,"column":15}},"1084":{"start":{"line":1085,"column":0},"end":{"line":1085,"column":11}},"1085":{"start":{"line":1086,"column":0},"end":{"line":1086,"column":16}},"1086":{"start":{"line":1087,"column":0},"end":{"line":1087,"column":14}},"1088":{"start":{"line":1089,"column":0},"end":{"line":1089,"column":29}},"1089":{"start":{"line":1090,"column":0},"end":{"line":1090,"column":7}},"1090":{"start":{"line":1091,"column":0},"end":{"line":1091,"column":6}},"1092":{"start":{"line":1093,"column":0},"end":{"line":1093,"column":26}},"1093":{"start":{"line":1094,"column":0},"end":{"line":1094,"column":56}},"1096":{"start":{"line":1097,"column":0},"end":{"line":1097,"column":19}},"1097":{"start":{"line":1098,"column":0},"end":{"line":1098,"column":21}},"1098":{"start":{"line":1099,"column":0},"end":{"line":1099,"column":27}},"1099":{"start":{"line":1100,"column":0},"end":{"line":1100,"column":5}},"1101":{"start":{"line":1102,"column":0},"end":{"line":1102,"column":24}},"1104":{"start":{"line":1105,"column":0},"end":{"line":1105,"column":19}},"1105":{"start":{"line":1106,"column":0},"end":{"line":1106,"column":41}},"1106":{"start":{"line":1107,"column":0},"end":{"line":1107,"column":21}},"1109":{"start":{"line":1110,"column":0},"end":{"line":1110,"column":37}},"1110":{"start":{"line":1111,"column":0},"end":{"line":1111,"column":24}},"1111":{"start":{"line":1112,"column":0},"end":{"line":1112,"column":44}},"1112":{"start":{"line":1113,"column":0},"end":{"line":1113,"column":32}},"1113":{"start":{"line":1114,"column":0},"end":{"line":1114,"column":27}},"1114":{"start":{"line":1115,"column":0},"end":{"line":1115,"column":9}},"1115":{"start":{"line":1116,"column":0},"end":{"line":1116,"column":7}},"1116":{"start":{"line":1117,"column":0},"end":{"line":1117,"column":6}},"1119":{"start":{"line":1120,"column":0},"end":{"line":1120,"column":21}},"1120":{"start":{"line":1121,"column":0},"end":{"line":1121,"column":26}},"1122":{"start":{"line":1123,"column":0},"end":{"line":1123,"column":18}},"1123":{"start":{"line":1124,"column":0},"end":{"line":1124,"column":31}},"1124":{"start":{"line":1125,"column":0},"end":{"line":1125,"column":33}},"1125":{"start":{"line":1126,"column":0},"end":{"line":1126,"column":35}},"1126":{"start":{"line":1127,"column":0},"end":{"line":1127,"column":33}},"1127":{"start":{"line":1128,"column":0},"end":{"line":1128,"column":31}},"1128":{"start":{"line":1129,"column":0},"end":{"line":1129,"column":31}},"1129":{"start":{"line":1130,"column":0},"end":{"line":1130,"column":9}},"1130":{"start":{"line":1131,"column":0},"end":{"line":1131,"column":12}},"1131":{"start":{"line":1132,"column":0},"end":{"line":1132,"column":26}},"1132":{"start":{"line":1133,"column":0},"end":{"line":1133,"column":5}},"1135":{"start":{"line":1136,"column":0},"end":{"line":1136,"column":16}},"1136":{"start":{"line":1137,"column":0},"end":{"line":1137,"column":34}},"1137":{"start":{"line":1138,"column":0},"end":{"line":1138,"column":17}},"1138":{"start":{"line":1139,"column":0},"end":{"line":1139,"column":20}},"1139":{"start":{"line":1140,"column":0},"end":{"line":1140,"column":7}},"1142":{"start":{"line":1143,"column":0},"end":{"line":1143,"column":39}},"1145":{"start":{"line":1146,"column":0},"end":{"line":1146,"column":18}},"1146":{"start":{"line":1147,"column":0},"end":{"line":1147,"column":42}},"1147":{"start":{"line":1148,"column":0},"end":{"line":1148,"column":6}},"1148":{"start":{"line":1149,"column":0},"end":{"line":1149,"column":36}},"1151":{"start":{"line":1152,"column":0},"end":{"line":1152,"column":40}},"1153":{"start":{"line":1154,"column":0},"end":{"line":1154,"column":59}},"1154":{"start":{"line":1155,"column":0},"end":{"line":1155,"column":39}},"1156":{"start":{"line":1157,"column":0},"end":{"line":1157,"column":53}},"1158":{"start":{"line":1159,"column":0},"end":{"line":1159,"column":60}},"1159":{"start":{"line":1160,"column":0},"end":{"line":1160,"column":47}},"1160":{"start":{"line":1161,"column":0},"end":{"line":1161,"column":67}},"1161":{"start":{"line":1162,"column":0},"end":{"line":1162,"column":49}},"1162":{"start":{"line":1163,"column":0},"end":{"line":1163,"column":49}},"1165":{"start":{"line":1166,"column":0},"end":{"line":1166,"column":37}},"1166":{"start":{"line":1167,"column":0},"end":{"line":1167,"column":35}},"1167":{"start":{"line":1168,"column":0},"end":{"line":1168,"column":96}},"1168":{"start":{"line":1169,"column":0},"end":{"line":1169,"column":12}},"1170":{"start":{"line":1171,"column":0},"end":{"line":1171,"column":31}},"1171":{"start":{"line":1172,"column":0},"end":{"line":1172,"column":102}},"1172":{"start":{"line":1173,"column":0},"end":{"line":1173,"column":90}},"1183":{"start":{"line":1184,"column":0},"end":{"line":1184,"column":21}},"1184":{"start":{"line":1185,"column":0},"end":{"line":1185,"column":12}},"1185":{"start":{"line":1186,"column":0},"end":{"line":1186,"column":11}},"1186":{"start":{"line":1187,"column":0},"end":{"line":1187,"column":7}},"1187":{"start":{"line":1188,"column":0},"end":{"line":1188,"column":7}},"1189":{"start":{"line":1190,"column":0},"end":{"line":1190,"column":27}},"1190":{"start":{"line":1191,"column":0},"end":{"line":1191,"column":90}},"1193":{"start":{"line":1194,"column":0},"end":{"line":1194,"column":45}},"1194":{"start":{"line":1195,"column":0},"end":{"line":1195,"column":34}},"1196":{"start":{"line":1197,"column":0},"end":{"line":1197,"column":60}},"1197":{"start":{"line":1198,"column":0},"end":{"line":1198,"column":47}},"1198":{"start":{"line":1199,"column":0},"end":{"line":1199,"column":60}},"1199":{"start":{"line":1200,"column":0},"end":{"line":1200,"column":48}},"1201":{"start":{"line":1202,"column":0},"end":{"line":1202,"column":40}},"1202":{"start":{"line":1203,"column":0},"end":{"line":1203,"column":54}},"1203":{"start":{"line":1204,"column":0},"end":{"line":1204,"column":11}},"1204":{"start":{"line":1205,"column":0},"end":{"line":1205,"column":11}},"1205":{"start":{"line":1206,"column":0},"end":{"line":1206,"column":7}},"1206":{"start":{"line":1207,"column":0},"end":{"line":1207,"column":7}},"1208":{"start":{"line":1209,"column":0},"end":{"line":1209,"column":20}},"1209":{"start":{"line":1210,"column":0},"end":{"line":1210,"column":31}},"1212":{"start":{"line":1213,"column":0},"end":{"line":1213,"column":19}},"1213":{"start":{"line":1214,"column":0},"end":{"line":1214,"column":67}},"1214":{"start":{"line":1215,"column":0},"end":{"line":1215,"column":24}},"1216":{"start":{"line":1217,"column":0},"end":{"line":1217,"column":19}},"1217":{"start":{"line":1218,"column":0},"end":{"line":1218,"column":69}},"1218":{"start":{"line":1219,"column":0},"end":{"line":1219,"column":25}},"1221":{"start":{"line":1222,"column":0},"end":{"line":1222,"column":19}},"1222":{"start":{"line":1223,"column":0},"end":{"line":1223,"column":69}},"1223":{"start":{"line":1224,"column":0},"end":{"line":1224,"column":25}},"1225":{"start":{"line":1226,"column":0},"end":{"line":1226,"column":10}},"1226":{"start":{"line":1227,"column":0},"end":{"line":1227,"column":80}},"1228":{"start":{"line":1229,"column":0},"end":{"line":1229,"column":71}},"1229":{"start":{"line":1230,"column":0},"end":{"line":1230,"column":109}},"1231":{"start":{"line":1232,"column":0},"end":{"line":1232,"column":31}},"1232":{"start":{"line":1233,"column":0},"end":{"line":1233,"column":17}},"1233":{"start":{"line":1234,"column":0},"end":{"line":1234,"column":29}},"1234":{"start":{"line":1235,"column":0},"end":{"line":1235,"column":23}},"1235":{"start":{"line":1236,"column":0},"end":{"line":1236,"column":62}},"1236":{"start":{"line":1237,"column":0},"end":{"line":1237,"column":112}},"1237":{"start":{"line":1238,"column":0},"end":{"line":1238,"column":69}},"1239":{"start":{"line":1240,"column":0},"end":{"line":1240,"column":51}},"1240":{"start":{"line":1241,"column":0},"end":{"line":1241,"column":19}},"1243":{"start":{"line":1244,"column":0},"end":{"line":1244,"column":15}},"1244":{"start":{"line":1245,"column":0},"end":{"line":1245,"column":27}},"1245":{"start":{"line":1246,"column":0},"end":{"line":1246,"column":21}},"1246":{"start":{"line":1247,"column":0},"end":{"line":1247,"column":49}},"1247":{"start":{"line":1248,"column":0},"end":{"line":1248,"column":110}},"1248":{"start":{"line":1249,"column":0},"end":{"line":1249,"column":37}},"1250":{"start":{"line":1251,"column":0},"end":{"line":1251,"column":43}},"1251":{"start":{"line":1252,"column":0},"end":{"line":1252,"column":17}},"1252":{"start":{"line":1253,"column":0},"end":{"line":1253,"column":12}},"1255":{"start":{"line":1256,"column":0},"end":{"line":1256,"column":99}},"1257":{"start":{"line":1258,"column":0},"end":{"line":1258,"column":192}},"1258":{"start":{"line":1259,"column":0},"end":{"line":1259,"column":16}},"1259":{"start":{"line":1260,"column":0},"end":{"line":1260,"column":23}},"1260":{"start":{"line":1261,"column":0},"end":{"line":1261,"column":45}},"1261":{"start":{"line":1262,"column":0},"end":{"line":1262,"column":31}},"1262":{"start":{"line":1263,"column":0},"end":{"line":1263,"column":60}},"1263":{"start":{"line":1264,"column":0},"end":{"line":1264,"column":67}},"1264":{"start":{"line":1265,"column":0},"end":{"line":1265,"column":349}},"1265":{"start":{"line":1266,"column":0},"end":{"line":1266,"column":12}},"1266":{"start":{"line":1267,"column":0},"end":{"line":1267,"column":17}},"1267":{"start":{"line":1268,"column":0},"end":{"line":1268,"column":29}},"1268":{"start":{"line":1269,"column":0},"end":{"line":1269,"column":23}},"1269":{"start":{"line":1270,"column":0},"end":{"line":1270,"column":34}},"1270":{"start":{"line":1271,"column":0},"end":{"line":1271,"column":181}},"1272":{"start":{"line":1273,"column":0},"end":{"line":1273,"column":42}},"1273":{"start":{"line":1274,"column":0},"end":{"line":1274,"column":19}},"1274":{"start":{"line":1275,"column":0},"end":{"line":1275,"column":17}},"1275":{"start":{"line":1276,"column":0},"end":{"line":1276,"column":29}},"1276":{"start":{"line":1277,"column":0},"end":{"line":1277,"column":23}},"1277":{"start":{"line":1278,"column":0},"end":{"line":1278,"column":70}},"1278":{"start":{"line":1279,"column":0},"end":{"line":1279,"column":181}},"1279":{"start":{"line":1280,"column":0},"end":{"line":1280,"column":37}},"1281":{"start":{"line":1282,"column":0},"end":{"line":1282,"column":106}},"1282":{"start":{"line":1283,"column":0},"end":{"line":1283,"column":19}},"1283":{"start":{"line":1284,"column":0},"end":{"line":1284,"column":14}},"1286":{"start":{"line":1287,"column":0},"end":{"line":1287,"column":32}},"1287":{"start":{"line":1288,"column":0},"end":{"line":1288,"column":86}},"1288":{"start":{"line":1289,"column":0},"end":{"line":1289,"column":41}},"1289":{"start":{"line":1290,"column":0},"end":{"line":1290,"column":69}},"1290":{"start":{"line":1291,"column":0},"end":{"line":1291,"column":46}},"1292":{"start":{"line":1293,"column":0},"end":{"line":1293,"column":26}},"1293":{"start":{"line":1294,"column":0},"end":{"line":1294,"column":25}},"1294":{"start":{"line":1295,"column":0},"end":{"line":1295,"column":47}},"1295":{"start":{"line":1296,"column":0},"end":{"line":1296,"column":54}},"1296":{"start":{"line":1297,"column":0},"end":{"line":1297,"column":21}},"1297":{"start":{"line":1298,"column":0},"end":{"line":1298,"column":79}},"1298":{"start":{"line":1299,"column":0},"end":{"line":1299,"column":24}},"1299":{"start":{"line":1300,"column":0},"end":{"line":1300,"column":33}},"1300":{"start":{"line":1301,"column":0},"end":{"line":1301,"column":33}},"1301":{"start":{"line":1302,"column":0},"end":{"line":1302,"column":42}},"1302":{"start":{"line":1303,"column":0},"end":{"line":1303,"column":52}},"1303":{"start":{"line":1304,"column":0},"end":{"line":1304,"column":105}},"1304":{"start":{"line":1305,"column":0},"end":{"line":1305,"column":30}},"1305":{"start":{"line":1306,"column":0},"end":{"line":1306,"column":43}},"1306":{"start":{"line":1307,"column":0},"end":{"line":1307,"column":20}},"1307":{"start":{"line":1308,"column":0},"end":{"line":1308,"column":22}},"1308":{"start":{"line":1309,"column":0},"end":{"line":1309,"column":21}},"1309":{"start":{"line":1310,"column":0},"end":{"line":1310,"column":81}},"1310":{"start":{"line":1311,"column":0},"end":{"line":1311,"column":24}},"1311":{"start":{"line":1312,"column":0},"end":{"line":1312,"column":34}},"1312":{"start":{"line":1313,"column":0},"end":{"line":1313,"column":33}},"1313":{"start":{"line":1314,"column":0},"end":{"line":1314,"column":42}},"1314":{"start":{"line":1315,"column":0},"end":{"line":1315,"column":53}},"1315":{"start":{"line":1316,"column":0},"end":{"line":1316,"column":106}},"1316":{"start":{"line":1317,"column":0},"end":{"line":1317,"column":30}},"1317":{"start":{"line":1318,"column":0},"end":{"line":1318,"column":43}},"1318":{"start":{"line":1319,"column":0},"end":{"line":1319,"column":20}},"1319":{"start":{"line":1320,"column":0},"end":{"line":1320,"column":22}},"1320":{"start":{"line":1321,"column":0},"end":{"line":1321,"column":20}},"1321":{"start":{"line":1322,"column":0},"end":{"line":1322,"column":54}},"1322":{"start":{"line":1323,"column":0},"end":{"line":1323,"column":23}},"1323":{"start":{"line":1324,"column":0},"end":{"line":1324,"column":35}},"1324":{"start":{"line":1325,"column":0},"end":{"line":1325,"column":27}},"1325":{"start":{"line":1326,"column":0},"end":{"line":1326,"column":34}},"1326":{"start":{"line":1327,"column":0},"end":{"line":1327,"column":72}},"1327":{"start":{"line":1328,"column":0},"end":{"line":1328,"column":49}},"1328":{"start":{"line":1329,"column":0},"end":{"line":1329,"column":20}},"1329":{"start":{"line":1330,"column":0},"end":{"line":1330,"column":41}},"1330":{"start":{"line":1331,"column":0},"end":{"line":1331,"column":17}},"1332":{"start":{"line":1333,"column":0},"end":{"line":1333,"column":25}},"1333":{"start":{"line":1334,"column":0},"end":{"line":1334,"column":24}},"1334":{"start":{"line":1335,"column":0},"end":{"line":1335,"column":27}},"1335":{"start":{"line":1336,"column":0},"end":{"line":1336,"column":50}},"1336":{"start":{"line":1337,"column":0},"end":{"line":1337,"column":41}},"1338":{"start":{"line":1339,"column":0},"end":{"line":1339,"column":53}},"1340":{"start":{"line":1341,"column":0},"end":{"line":1341,"column":25}},"1341":{"start":{"line":1342,"column":0},"end":{"line":1342,"column":20}},"1342":{"start":{"line":1343,"column":0},"end":{"line":1343,"column":26}},"1343":{"start":{"line":1344,"column":0},"end":{"line":1344,"column":17}},"1345":{"start":{"line":1346,"column":0},"end":{"line":1346,"column":12}},"1348":{"start":{"line":1349,"column":0},"end":{"line":1349,"column":71}},"1349":{"start":{"line":1350,"column":0},"end":{"line":1350,"column":26}},"1350":{"start":{"line":1351,"column":0},"end":{"line":1351,"column":25}},"1351":{"start":{"line":1352,"column":0},"end":{"line":1352,"column":43}},"1352":{"start":{"line":1353,"column":0},"end":{"line":1353,"column":36}},"1353":{"start":{"line":1354,"column":0},"end":{"line":1354,"column":37}},"1354":{"start":{"line":1355,"column":0},"end":{"line":1355,"column":10}},"1355":{"start":{"line":1356,"column":0},"end":{"line":1356,"column":12}},"1358":{"start":{"line":1359,"column":0},"end":{"line":1359,"column":101}},"1359":{"start":{"line":1360,"column":0},"end":{"line":1360,"column":37}},"1360":{"start":{"line":1361,"column":0},"end":{"line":1361,"column":47}},"1361":{"start":{"line":1362,"column":0},"end":{"line":1362,"column":85}},"1362":{"start":{"line":1363,"column":0},"end":{"line":1363,"column":49}},"1363":{"start":{"line":1364,"column":0},"end":{"line":1364,"column":41}},"1364":{"start":{"line":1365,"column":0},"end":{"line":1365,"column":23}},"1365":{"start":{"line":1366,"column":0},"end":{"line":1366,"column":32}},"1366":{"start":{"line":1367,"column":0},"end":{"line":1367,"column":80}},"1367":{"start":{"line":1368,"column":0},"end":{"line":1368,"column":27}},"1368":{"start":{"line":1369,"column":0},"end":{"line":1369,"column":62}},"1369":{"start":{"line":1370,"column":0},"end":{"line":1370,"column":32}},"1370":{"start":{"line":1371,"column":0},"end":{"line":1371,"column":62}},"1371":{"start":{"line":1372,"column":0},"end":{"line":1372,"column":49}},"1372":{"start":{"line":1373,"column":0},"end":{"line":1373,"column":81}},"1373":{"start":{"line":1374,"column":0},"end":{"line":1374,"column":102}},"1374":{"start":{"line":1375,"column":0},"end":{"line":1375,"column":20}},"1376":{"start":{"line":1377,"column":0},"end":{"line":1377,"column":30}},"1377":{"start":{"line":1378,"column":0},"end":{"line":1378,"column":30}},"1378":{"start":{"line":1379,"column":0},"end":{"line":1379,"column":25}},"1379":{"start":{"line":1380,"column":0},"end":{"line":1380,"column":17}},"1380":{"start":{"line":1381,"column":0},"end":{"line":1381,"column":18}},"1383":{"start":{"line":1384,"column":0},"end":{"line":1384,"column":63}},"1384":{"start":{"line":1385,"column":0},"end":{"line":1385,"column":86}},"1443":{"start":{"line":1444,"column":0},"end":{"line":1444,"column":17}},"1445":{"start":{"line":1446,"column":0},"end":{"line":1446,"column":16}},"1446":{"start":{"line":1447,"column":0},"end":{"line":1447,"column":22}},"1447":{"start":{"line":1448,"column":0},"end":{"line":1448,"column":13}},"1477":{"start":{"line":1478,"column":0},"end":{"line":1478,"column":11}},"1478":{"start":{"line":1479,"column":0},"end":{"line":1479,"column":21}},"1479":{"start":{"line":1480,"column":0},"end":{"line":1480,"column":22}},"1480":{"start":{"line":1481,"column":0},"end":{"line":1481,"column":30}},"1481":{"start":{"line":1482,"column":0},"end":{"line":1482,"column":49}},"1482":{"start":{"line":1483,"column":0},"end":{"line":1483,"column":29}},"1483":{"start":{"line":1484,"column":0},"end":{"line":1484,"column":34}},"1484":{"start":{"line":1485,"column":0},"end":{"line":1485,"column":31}},"1485":{"start":{"line":1486,"column":0},"end":{"line":1486,"column":41}},"1488":{"start":{"line":1489,"column":0},"end":{"line":1489,"column":45}},"1489":{"start":{"line":1490,"column":0},"end":{"line":1490,"column":12}},"1506":{"start":{"line":1507,"column":0},"end":{"line":1507,"column":19}},"1507":{"start":{"line":1508,"column":0},"end":{"line":1508,"column":35}},"1508":{"start":{"line":1509,"column":0},"end":{"line":1509,"column":27}},"1509":{"start":{"line":1510,"column":0},"end":{"line":1510,"column":22}},"1510":{"start":{"line":1511,"column":0},"end":{"line":1511,"column":111}},"1511":{"start":{"line":1512,"column":0},"end":{"line":1512,"column":16}},"1512":{"start":{"line":1513,"column":0},"end":{"line":1513,"column":28}},"1513":{"start":{"line":1514,"column":0},"end":{"line":1514,"column":25}},"1514":{"start":{"line":1515,"column":0},"end":{"line":1515,"column":26}},"1515":{"start":{"line":1516,"column":0},"end":{"line":1516,"column":199}},"1516":{"start":{"line":1517,"column":0},"end":{"line":1517,"column":14}},"1517":{"start":{"line":1518,"column":0},"end":{"line":1518,"column":18}},"1518":{"start":{"line":1519,"column":0},"end":{"line":1519,"column":28}},"1519":{"start":{"line":1520,"column":0},"end":{"line":1520,"column":27}},"1520":{"start":{"line":1521,"column":0},"end":{"line":1521,"column":39}},"1521":{"start":{"line":1522,"column":0},"end":{"line":1522,"column":25}},"1522":{"start":{"line":1523,"column":0},"end":{"line":1523,"column":26}},"1523":{"start":{"line":1524,"column":0},"end":{"line":1524,"column":22}},"1524":{"start":{"line":1525,"column":0},"end":{"line":1525,"column":36}},"1525":{"start":{"line":1526,"column":0},"end":{"line":1526,"column":41}},"1526":{"start":{"line":1527,"column":0},"end":{"line":1527,"column":16}},"1527":{"start":{"line":1528,"column":0},"end":{"line":1528,"column":14}},"1548":{"start":{"line":1549,"column":0},"end":{"line":1549,"column":13}},"1552":{"start":{"line":1553,"column":0},"end":{"line":1553,"column":24}},"1555":{"start":{"line":1556,"column":0},"end":{"line":1556,"column":15}},"1556":{"start":{"line":1557,"column":0},"end":{"line":1557,"column":41}},"1557":{"start":{"line":1558,"column":0},"end":{"line":1558,"column":39}},"1558":{"start":{"line":1559,"column":0},"end":{"line":1559,"column":25}},"1559":{"start":{"line":1560,"column":0},"end":{"line":1560,"column":39}},"1560":{"start":{"line":1561,"column":0},"end":{"line":1561,"column":44}},"1561":{"start":{"line":1562,"column":0},"end":{"line":1562,"column":34}},"1562":{"start":{"line":1563,"column":0},"end":{"line":1563,"column":40}},"1564":{"start":{"line":1565,"column":0},"end":{"line":1565,"column":27}},"1565":{"start":{"line":1566,"column":0},"end":{"line":1566,"column":55}},"1566":{"start":{"line":1567,"column":0},"end":{"line":1567,"column":38}},"1567":{"start":{"line":1568,"column":0},"end":{"line":1568,"column":21}},"1568":{"start":{"line":1569,"column":0},"end":{"line":1569,"column":65}},"1569":{"start":{"line":1570,"column":0},"end":{"line":1570,"column":22}},"1570":{"start":{"line":1571,"column":0},"end":{"line":1571,"column":31}},"1571":{"start":{"line":1572,"column":0},"end":{"line":1572,"column":30}},"1572":{"start":{"line":1573,"column":0},"end":{"line":1573,"column":27}},"1573":{"start":{"line":1574,"column":0},"end":{"line":1574,"column":30}},"1574":{"start":{"line":1575,"column":0},"end":{"line":1575,"column":93}},"1575":{"start":{"line":1576,"column":0},"end":{"line":1576,"column":60}},"1576":{"start":{"line":1577,"column":0},"end":{"line":1577,"column":45}},"1577":{"start":{"line":1578,"column":0},"end":{"line":1578,"column":60}},"1578":{"start":{"line":1579,"column":0},"end":{"line":1579,"column":57}},"1579":{"start":{"line":1580,"column":0},"end":{"line":1580,"column":18}},"1580":{"start":{"line":1581,"column":0},"end":{"line":1581,"column":31}},"1582":{"start":{"line":1583,"column":0},"end":{"line":1583,"column":55}},"1583":{"start":{"line":1584,"column":0},"end":{"line":1584,"column":55}},"1584":{"start":{"line":1585,"column":0},"end":{"line":1585,"column":72}},"1585":{"start":{"line":1586,"column":0},"end":{"line":1586,"column":81}},"1586":{"start":{"line":1587,"column":0},"end":{"line":1587,"column":24}},"1587":{"start":{"line":1588,"column":0},"end":{"line":1588,"column":39}},"1588":{"start":{"line":1589,"column":0},"end":{"line":1589,"column":47}},"1589":{"start":{"line":1590,"column":0},"end":{"line":1590,"column":72}},"1590":{"start":{"line":1591,"column":0},"end":{"line":1591,"column":65}},"1592":{"start":{"line":1593,"column":0},"end":{"line":1593,"column":28}},"1593":{"start":{"line":1594,"column":0},"end":{"line":1594,"column":40}},"1594":{"start":{"line":1595,"column":0},"end":{"line":1595,"column":62}},"1595":{"start":{"line":1596,"column":0},"end":{"line":1596,"column":77}},"1596":{"start":{"line":1597,"column":0},"end":{"line":1597,"column":81}},"1597":{"start":{"line":1598,"column":0},"end":{"line":1598,"column":68}},"1598":{"start":{"line":1599,"column":0},"end":{"line":1599,"column":121}},"1600":{"start":{"line":1601,"column":0},"end":{"line":1601,"column":30}},"1602":{"start":{"line":1603,"column":0},"end":{"line":1603,"column":30}},"1603":{"start":{"line":1604,"column":0},"end":{"line":1604,"column":116}},"1604":{"start":{"line":1605,"column":0},"end":{"line":1605,"column":33}},"1605":{"start":{"line":1606,"column":0},"end":{"line":1606,"column":32}},"1607":{"start":{"line":1608,"column":0},"end":{"line":1608,"column":58}},"1609":{"start":{"line":1610,"column":0},"end":{"line":1610,"column":31}},"1610":{"start":{"line":1611,"column":0},"end":{"line":1611,"column":26}},"1612":{"start":{"line":1613,"column":0},"end":{"line":1613,"column":28}},"1613":{"start":{"line":1614,"column":0},"end":{"line":1614,"column":142}},"1614":{"start":{"line":1615,"column":0},"end":{"line":1615,"column":31}},"1615":{"start":{"line":1616,"column":0},"end":{"line":1616,"column":38}},"1617":{"start":{"line":1618,"column":0},"end":{"line":1618,"column":61}},"1618":{"start":{"line":1619,"column":0},"end":{"line":1619,"column":34}},"1619":{"start":{"line":1620,"column":0},"end":{"line":1620,"column":38}},"1620":{"start":{"line":1621,"column":0},"end":{"line":1621,"column":85}},"1621":{"start":{"line":1622,"column":0},"end":{"line":1622,"column":62}},"1622":{"start":{"line":1623,"column":0},"end":{"line":1623,"column":42}},"1623":{"start":{"line":1624,"column":0},"end":{"line":1624,"column":29}},"1624":{"start":{"line":1625,"column":0},"end":{"line":1625,"column":25}},"1627":{"start":{"line":1628,"column":0},"end":{"line":1628,"column":48}},"1628":{"start":{"line":1629,"column":0},"end":{"line":1629,"column":24}},"1629":{"start":{"line":1630,"column":0},"end":{"line":1630,"column":45}},"1631":{"start":{"line":1632,"column":0},"end":{"line":1632,"column":39}},"1632":{"start":{"line":1633,"column":0},"end":{"line":1633,"column":26}},"1633":{"start":{"line":1634,"column":0},"end":{"line":1634,"column":112}},"1635":{"start":{"line":1636,"column":0},"end":{"line":1636,"column":27}},"1637":{"start":{"line":1638,"column":0},"end":{"line":1638,"column":26}},"1638":{"start":{"line":1639,"column":0},"end":{"line":1639,"column":60}},"1640":{"start":{"line":1641,"column":0},"end":{"line":1641,"column":27}},"1642":{"start":{"line":1643,"column":0},"end":{"line":1643,"column":29}},"1644":{"start":{"line":1645,"column":0},"end":{"line":1645,"column":22}},"1645":{"start":{"line":1646,"column":0},"end":{"line":1646,"column":31}},"1646":{"start":{"line":1647,"column":0},"end":{"line":1647,"column":22}},"1647":{"start":{"line":1648,"column":0},"end":{"line":1648,"column":28}},"1648":{"start":{"line":1649,"column":0},"end":{"line":1649,"column":17}},"1651":{"start":{"line":1652,"column":0},"end":{"line":1652,"column":29}},"1652":{"start":{"line":1653,"column":0},"end":{"line":1653,"column":17}},"1653":{"start":{"line":1654,"column":0},"end":{"line":1654,"column":40}},"1654":{"start":{"line":1655,"column":0},"end":{"line":1655,"column":26}},"1655":{"start":{"line":1656,"column":0},"en
[...]
":668,"loc":{"start":{"line":668,"column":35},"end":{"line":673,"column":192}},"locations":[{"start":{"line":668,"column":35},"end":{"line":673,"column":192}}]},"127":{"type":"branch","line":676,"loc":{"start":{"line":676,"column":35},"end":{"line":680,"column":82}},"locations":[{"start":{"line":676,"column":35},"end":{"line":680,"column":82}}]},"128":{"type":"branch","line":683,"loc":{"start":{"line":683,"column":29},"end":{"line":687,"column":76}},"locations":[{"start":{"line":683,"column":29},"end":{"line":687,"column":76}}]},"129":{"type":"branch","line":705,"loc":{"start":{"line":705,"column":19},"end":{"line":707,"column":13}},"locations":[{"start":{"line":705,"column":19},"end":{"line":707,"column":13}}]},"130":{"type":"branch","line":713,"loc":{"start":{"line":713,"column":4},"end":{"line":716,"column":5}},"locations":[{"start":{"line":713,"column":4},"end":{"line":716,"column":5}}]},"131":{"type":"branch","line":858,"loc":{"start":{"line":858,"column":12},"end":{"line":876,"column":5}},"locations":[{"start":{"line":858,"column":12},"end":{"line":876,"column":5}}]},"132":{"type":"branch","line":859,"loc":{"start":{"line":859,"column":30},"end":{"line":873,"column":6}},"locations":[{"start":{"line":859,"column":30},"end":{"line":873,"column":6}}]},"133":{"type":"branch","line":865,"loc":{"start":{"line":865,"column":45},"end":{"line":869,"column":7}},"locations":[{"start":{"line":865,"column":45},"end":{"line":869,"column":7}}]},"134":{"type":"branch","line":872,"loc":{"start":{"line":872,"column":23},"end":{"line":872,"column":39}},"locations":[{"start":{"line":872,"column":23},"end":{"line":872,"column":39}}]},"135":{"type":"branch","line":879,"loc":{"start":{"line":879,"column":12},"end":{"line":884,"column":5}},"locations":[{"start":{"line":879,"column":12},"end":{"line":884,"column":5}}]},"136":{"type":"branch","line":880,"loc":{"start":{"line":880,"column":23},"end":{"line":880,"column":39}},"locations":[{"start":{"line":880,"column":23},"end":{"line":880,"column":39}}]},"137":{"type":"branch","line":881,"loc":{"start":{"line":881,"column":8},"end":{"line":881,"column":36}},"locations":[{"start":{"line":881,"column":8},"end":{"line":881,"column":36}}]},"138":{"type":"branch","line":881,"loc":{"start":{"line":881,"column":36},"end":{"line":883,"column":5}},"locations":[{"start":{"line":881,"column":36},"end":{"line":883,"column":5}}]},"139":{"type":"branch","line":902,"loc":{"start":{"line":902,"column":12},"end":{"line":949,"column":5}},"locations":[{"start":{"line":902,"column":12},"end":{"line":949,"column":5}}]},"140":{"type":"branch","line":903,"loc":{"start":{"line":903,"column":23},"end":{"line":903,"column":39}},"locations":[{"start":{"line":903,"column":23},"end":{"line":903,"column":39}}]},"141":{"type":"branch","line":904,"loc":{"start":{"line":904,"column":14},"end":{"line":948,"column":40}},"locations":[{"start":{"line":904,"column":14},"end":{"line":948,"column":40}}]},"142":{"type":"branch","line":952,"loc":{"start":{"line":952,"column":12},"end":{"line":976,"column":5}},"locations":[{"start":{"line":952,"column":12},"end":{"line":976,"column":5}}]},"143":{"type":"branch","line":953,"loc":{"start":{"line":953,"column":23},"end":{"line":953,"column":39}},"locations":[{"start":{"line":953,"column":23},"end":{"line":953,"column":39}}]},"144":{"type":"branch","line":954,"loc":{"start":{"line":954,"column":14},"end":{"line":975,"column":6}},"locations":[{"start":{"line":954,"column":14},"end":{"line":975,"column":6}}]},"145":{"type":"branch","line":1006,"loc":{"start":{"line":1006,"column":30},"end":{"line":1019,"column":5}},"locations":[{"start":{"line":1006,"column":30},"end":{"line":1019,"column":5}}]},"146":{"type":"branch","line":1013,"loc":{"start":{"line":1013,"column":16},"end":{"line":1016,"column":51}},"locations":[{"start":{"line":1013,"column":16},"end":{"line":1016,"column":51}}]},"147":{"type":"branch","line":1018,"loc":{"start":{"line":1018,"column":17},"end":{"line":1018,"column":68}},"locations":[{"start":{"line":1018,"column":17},"end":{"line":1018,"column":68}}]},"148":{"type":"branch","line":1043,"loc":{"start":{"line":1043,"column":38},"end":{"line":1043,"column":75}},"locations":[{"start":{"line":1043,"column":38},"end":{"line":1043,"column":75}}]},"149":{"type":"branch","line":1056,"loc":{"start":{"line":1056,"column":20},"end":{"line":1058,"column":4}},"locations":[{"start":{"line":1056,"column":20},"end":{"line":1058,"column":4}}]},"150":{"type":"branch","line":1072,"loc":{"start":{"line":1072,"column":12},"end":{"line":1094,"column":5}},"locations":[{"start":{"line":1072,"column":12},"end":{"line":1094,"column":5}}]},"151":{"type":"branch","line":1073,"loc":{"start":{"line":1073,"column":23},"end":{"line":1073,"column":39}},"locations":[{"start":{"line":1073,"column":23},"end":{"line":1073,"column":39}}]},"152":{"type":"branch","line":1074,"loc":{"start":{"line":1074,"column":14},"end":{"line":1093,"column":26}},"locations":[{"start":{"line":1074,"column":14},"end":{"line":1093,"column":26}}]},"153":{"type":"branch","line":1097,"loc":{"start":{"line":1097,"column":12},"end":{"line":1102,"column":5}},"locations":[{"start":{"line":1097,"column":12},"end":{"line":1102,"column":5}}]},"154":{"type":"branch","line":1098,"loc":{"start":{"line":1098,"column":20},"end":{"line":1100,"column":5}},"locations":[{"start":{"line":1098,"column":20},"end":{"line":1100,"column":5}}]},"155":{"type":"branch","line":1105,"loc":{"start":{"line":1105,"column":12},"end":{"line":1149,"column":5}},"locations":[{"start":{"line":1105,"column":12},"end":{"line":1149,"column":5}}]},"156":{"type":"branch","line":1106,"loc":{"start":{"line":1106,"column":23},"end":{"line":1106,"column":39}},"locations":[{"start":{"line":1106,"column":23},"end":{"line":1106,"column":39}}]},"157":{"type":"branch","line":1107,"loc":{"start":{"line":1107,"column":14},"end":{"line":1137,"column":31}},"locations":[{"start":{"line":1107,"column":14},"end":{"line":1137,"column":31}}]},"158":{"type":"branch","line":1137,"loc":{"start":{"line":1137,"column":26},"end":{"line":1137,"column":34}},"locations":[{"start":{"line":1137,"column":26},"end":{"line":1137,"column":34}}]},"159":{"type":"branch","line":1152,"loc":{"start":{"line":1152,"column":33},"end":{"line":1191,"column":5}},"locations":[{"start":{"line":1152,"column":33},"end":{"line":1191,"column":5}}]},"160":{"type":"branch","line":1154,"loc":{"start":{"line":1154,"column":31},"end":{"line":1154,"column":59}},"locations":[{"start":{"line":1154,"column":31},"end":{"line":1154,"column":59}}]},"161":{"type":"branch","line":1155,"loc":{"start":{"line":1155,"column":37},"end":{"line":1190,"column":27}},"locations":[{"start":{"line":1155,"column":37},"end":{"line":1190,"column":27}}]},"162":{"type":"branch","line":1194,"loc":{"start":{"line":1194,"column":38},"end":{"line":1210,"column":5}},"locations":[{"start":{"line":1194,"column":38},"end":{"line":1210,"column":5}}]},"163":{"type":"branch","line":1213,"loc":{"start":{"line":1213,"column":12},"end":{"line":1215,"column":5}},"locations":[{"start":{"line":1213,"column":12},"end":{"line":1215,"column":5}}]},"164":{"type":"branch","line":1217,"loc":{"start":{"line":1217,"column":12},"end":{"line":1219,"column":5}},"locations":[{"start":{"line":1217,"column":12},"end":{"line":1219,"column":5}}]},"165":{"type":"branch","line":1222,"loc":{"start":{"line":1222,"column":12},"end":{"line":1224,"column":5}},"locations":[{"start":{"line":1222,"column":12},"end":{"line":1224,"column":5}}]},"166":{"type":"branch","line":1247,"loc":{"start":{"line":1247,"column":19},"end":{"line":1247,"column":49}},"locations":[{"start":{"line":1247,"column":19},"end":{"line":1247,"column":49}}]},"167":{"type":"branch","line":1263,"loc":{"start":{"line":1263,"column":22},"end":{"line":1263,"column":60}},"locations":[{"start":{"line":1263,"column":22},"end":{"line":1263,"column":60}}]},"168":{"type":"branch","line":1278,"loc":{"start":{"line":1278,"column":21},"end":{"line":1278,"column":70}},"locations":[{"start":{"line":1278,"column":21},"end":{"line":1278,"column":70}}]},"169":{"type":"branch","line":1364,"loc":{"start":{"line":1364,"column":29},"end":{"line":1379,"column":25}},"locations":[{"start":{"line":1364,"column":29},"end":{"line":1379,"column":25}}]},"170":{"type":"branch","line":1367,"loc":{"start":{"line":1367,"column":53},"end":{"line":1367,"column":70}},"locations":[{"start":{"line":1367,"column":53},"end":{"line":1367,"column":70}}]},"171":{"type":"branch","line":1367,"loc":{"start":{"line":1367,"column":58},"end":{"line":1367,"column":80}},"locations":[{"start":{"line":1367,"column":58},"end":{"line":1367,"column":80}}]},"172":{"type":"branch","line":1372,"loc":{"start":{"line":1372,"column":46},"end":{"line":1373,"column":81}},"locations":[{"start":{"line":1372,"column":46},"end":{"line":1373,"column":81}}]},"173":{"type":"branch","line":1373,"loc":{"start":{"line":1373,"column":24},"end":{"line":1374,"column":102}},"locations":[{"start":{"line":1373,"column":24},"end":{"line":1374,"column":102}}]},"174":{"type":"branch","line":1369,"loc":{"start":{"line":1369,"column":27},"end":{"line":1369,"column":62}},"locations":[{"start":{"line":1369,"column":27},"end":{"line":1369,"column":62}}]},"175":{"type":"branch","line":1616,"loc":{"start":{"line":1616,"column":31},"end":{"line":1629,"column":24}},"locations":[{"start":{"line":1616,"column":31},"end":{"line":1629,"column":24}}]},"176":{"type":"branch","line":1618,"loc":{"start":{"line":1618,"column":43},"end":{"line":1618,"column":59}},"locations":[{"start":{"line":1618,"column":43},"end":{"line":1618,"column":59}}]},"177":{"type":"branch","line":1619,"loc":{"start":{"line":1619,"column":33},"end":{"line":1625,"column":25}},"locations":[{"start":{"line":1619,"column":33},"end":{"line":1625,"column":25}}]},"178":{"type":"branch","line":2158,"loc":{"start":{"line":2158,"column":144},"end":{"line":2221,"column":34}},"locations":[{"start":{"line":2158,"column":144},"end":{"line":2221,"column":34}}]},"179":{"type":"branch","line":2164,"loc":{"start":{"line":2164,"column":64},"end":{"line":2164,"column":174}},"locations":[{"start":{"line":2164,"column":64},"end":{"line":2164,"column":174}}]},"180":{"type":"branch","line":2176,"loc":{"start":{"line":2176,"column":53},"end":{"line":2176,"column":65}},"locations":[{"start":{"line":2176,"column":53},"end":{"line":2176,"column":65}}]},"181":{"type":"branch","line":2179,"loc":{"start":{"line":2179,"column":41},"end":{"line":2184,"column":40}},"locations":[{"start":{"line":2179,"column":41},"end":{"line":2184,"column":40}}]},"182":{"type":"branch","line":2188,"loc":{"start":{"line":2188,"column":33},"end":{"line":2218,"column":40}},"locations":[{"start":{"line":2188,"column":33},"end":{"line":2218,"column":40}}]},"183":{"type":"branch","line":2202,"loc":{"start":{"line":2202,"column":37},"end":{"line":2202,"column":117}},"locations":[{"start":{"line":2202,"column":37},"end":{"line":2202,"column":117}}]},"184":{"type":"branch","line":2227,"loc":{"start":{"line":2227,"column":39},"end":{"line":2227,"column":84}},"locations":[{"start":{"line":2227,"column":39},"end":{"line":2227,"column":84}}]}},"b":{"0":[157],"1":[156],"2":[153],"3":[2],"4":[2],"5":[0],"6":[6],"7":[150],"8":[6],"9":[1],"10":[1],"11":[1],"12":[1],"13":[1],"14":[1],"15":[1],"16":[1],"17":[1],"18":[1],"19":[1],"20":[1],"21":[1],"22":[1],"23":[1],"24":[1],"25":[1],"26":[1],"27":[1],"28":[1],"29":[1],"30":[3],"31":[1],"32":[1],"33":[140],"34":[140],"35":[140],"36":[16],"37":[16],"38":[6],"39":[140],"40":[14],"41":[126],"42":[2],"43":[1],"44":[12],"45":[0],"46":[1],"47":[1],"48":[1],"49":[1],"50":[11],"51":[1],"52":[11],"53":[1],"54":[11],"55":[1],"56":[1],"57":[1],"58":[0],"59":[2],"60":[2],"61":[0],"62":[0],"63":[0],"64":[1],"65":[1],"66":[1],"67":[0],"68":[10],"69":[1],"70":[11],"71":[1],"72":[11],"73":[1],"74":[11],"75":[1],"76":[1],"77":[1],"78":[11],"79":[3],"80":[1],"81":[2],"82":[2],"83":[1],"84":[1],"85":[9],"86":[156],"87":[1],"88":[0],"89":[0],"90":[0],"91":[0],"92":[0],"93":[0],"94":[1],"95":[1],"96":[55],"97":[12],"98":[3],"99":[9],"100":[3],"101":[0],"102":[1],"103":[3],"104":[3],"105":[1],"106":[2],"107":[1],"108":[1],"109":[0],"110":[2],"111":[1],"112":[14],"113":[13],"114":[1],"115":[12],"116":[2],"117":[10],"118":[12],"119":[2],"120":[1],"121":[0],"122":[0],"123":[0],"124":[0],"125":[0],"126":[0],"127":[0],"128":[0],"129":[0],"130":[0],"131":[55],"132":[55],"133":[0],"134":[55],"135":[60],"136":[0],"137":[0],"138":[0],"139":[60],"140":[0],"141":[0],"142":[55],"143":[0],"144":[0],"145":[3],"146":[0],"147":[0],"148":[163],"149":[1],"150":[60],"151":[0],"152":[0],"153":[60],"154":[0],"155":[61],"156":[0],"157":[0],"158":[0],"159":[115],"160":[0],"161":[0],"162":[55],"163":[57],"164":[66],"165":[56],"166":[1],"167":[1],"168":[7],"169":[468],"170":[156],"171":[312],"172":[156],"173":[312],"174":[6],"175":[14],"176":[0],"177":[0],"178":[7],"179":[0],"180":[5],"181":[1],"182":[1],"183":[1],"184":[1]},"fnMap":{"0":{"name":"renderHTMLContent","decl":{"start":{"line":78,"column":26},"end":{"line":86,"column":2}},"loc":{"start":{"line":78,"column":26},"end":{"line":86,"column":2}},"line":78},"1":{"name":"getWaterDisplayName","decl":{"start":{"line":89,"column":28},"end":{"line":97,"column":2}},"loc":{"start":{"line":89,"column":28},"end":{"line":97,"column":2}},"line":89},"2":{"name":"getFeatureDisplayName","decl":{"start":{"line":100,"column":30},"end":{"line":124,"column":2}},"loc":{"start":{"line":100,"column":30},"end":{"line":124,"column":2}},"line":100},"3":{"name":"getRoadTypeDisplayName","decl":{"start":{"line":127,"column":31},"end":{"line":138,"column":2}},"loc":{"start":{"line":127,"column":31},"end":{"line":138,"column":2}},"line":127},"4":{"name":"transformRequest","decl":{"start":{"line":141,"column":25},"end":{"line":148,"column":2}},"loc":{"start":{"line":141,"column":25},"end":{"line":148,"column":2}},"line":141},"5":{"name":"DispatchMapComponent","decl":{"start":{"line":150,"column":0},"end":{"line":2264,"column":1}},"loc":{"start":{"line":150,"column":0},"end":{"line":2264,"column":1}},"line":150},"6":{"name":"selectButton.onclick","decl":{"start":{"line":296,"column":27},"end":{"line":300,"column":6}},"loc":{"start":{"line":296,"column":27},"end":{"line":300,"column":6}},"line":296},"7":{"name":"closeButton.onclick","decl":{"start":{"line":302,"column":26},"end":{"line":304,"column":6}},"loc":{"start":{"line":302,"column":26},"end":{"line":304,"column":6}},"line":302},"8":{"name":"overlay.onclick","decl":{"start":{"line":306,"column":22},"end":{"line":310,"column":6}},"loc":{"start":{"line":306,"column":22},"end":{"line":310,"column":6}},"line":306},"9":{"name":"escapeHandler","decl":{"start":{"line":312,"column":41},"end":{"line":317,"column":5}},"loc":{"start":{"line":312,"column":41},"end":{"line":317,"column":5}},"line":312},"10":{"name":"getDegreesFromCardinal","decl":{"start":{"line":513,"column":35},"end":{"line":525,"column":6}},"loc":{"start":{"line":513,"column":35},"end":{"line":525,"column":6}},"line":513},"11":{"name":"loadEnabledLayers","decl":{"start":{"line":859,"column":30},"end":{"line":873,"column":6}},"loc":{"start":{"line":859,"column":30},"end":{"line":873,"column":6}},"line":859},"12":{"name":"checkMapStyleReady","decl":{"start":{"line":908,"column":31},"end":{"line":945,"column":6}},"loc":{"start":{"line":908,"column":31},"end":{"line":945,"column":6}},"line":908},"13":{"name":"handleMapLoad2","decl":{"start":{"line":956,"column":26},"end":{"line":964,"column":6}},"loc":{"start":{"line":956,"column":26},"end":{"line":964,"column":6}},"line":956},"14":{"name":"toggleElevation","decl":{"start":{"line":1052,"column":26},"end":{"line":1054,"column":4}},"loc":{"start":{"line":1052,"column":26},"end":{"line":1054,"column":4}},"line":1052},"15":{"name":"toggleSky","decl":{"start":{"line":1056,"column":20},"end":{"line":1058,"column":4}},"loc":{"start":{"line":1056,"column":20},"end":{"line":1058,"column":4}},"line":1056},"16":{"name":"handleTerrainUpdate","decl":{"start":{"line":1076,"column":32},"end":{"line":1091,"column":6}},"loc":{"start":{"line":1076,"column":32},"end":{"line":1091,"column":6}},"line":1076},"17":{"name":"enforcePitchLimit","decl":{"start":{"line":1110,"column":30},"end":{"line":1117,"column":6}},"loc":{"start":{"line":1110,"column":30},"end":{"line":1117,"column":6}},"line":1110},"18":{"name":"onClick","decl":{"start":{"line":1236,"column":21},"end":{"line":1236,"column":62}},"loc":{"start":{"line":1236,"column":21},"end":{"line":1236,"column":62}},"line":1236},"19":{"name":"onClick","decl":{"start":{"line":1247,"column":19},"end":{"line":1247,"column":49}},"loc":{"start":{"line":1247,"column":19},"end":{"line":1247,"column":49}},"line":1247},"20":{"name":"onChange","decl":{"start":{"line":1263,"column":22},"end":{"line":1263,"column":60}},"loc":{"start":{"line":1263,"column":22},"end":{"line":1263,"column":60}},"line":1263},"21":{"name":"onKeyPress","decl":{"start":{"line":1264,"column":24},"end":{"line":1264,"column":67}},"loc":{"start":{"line":1264,"column":24},"end":{"line":1264,"column":67}},"line":1264},"22":{"name":"onClick","decl":{"start":{"line":1278,"column":21},"end":{"line":1278,"column":70}},"loc":{"start":{"line":1278,"column":21},"end":{"line":1278,"column":70}},"line":1278},"23":{"name":"onChange","decl":{"start":{"line":1304,"column":30},"end":{"line":1304,"column":105}},"loc":{"start":{"line":1304,"column":30},"end":{"line":1304,"column":105}},"line":1304},"24":{"name":"onChange","decl":{"start":{"line":1316,"column":30},"end":{"line":1316,"column":106}},"loc":{"start":{"line":1316,"column":30},"end":{"line":1316,"column":106}},"line":1316},"25":{"name":"onClick","decl":{"start":{"line":1326,"column":27},"end":{"line":1329,"column":20}},"loc":{"start":{"line":1326,"column":27},"end":{"line":1329,"column":20}},"line":1326},"26":{"name":"onClick","decl":{"start":{"line":1369,"column":27},"end":{"line":1369,"column":62}},"loc":{"start":{"line":1369,"column":27},"end":{"line":1369,"column":62}},"line":1369},"27":{"name":"onChange","decl":{"start":{"line":1438,"column":32},"end":{"line":1438,"column":83}},"loc":{"start":{"line":1438,"column":32},"end":{"line":1438,"column":83}},"line":1438},"28":{"name":"onClick","decl":{"start":{"line":1616,"column":31},"end":{"line":1629,"column":24}},"loc":{"start":{"line":1616,"column":31},"end":{"line":1629,"column":24}},"line":1616},"29":{"name":"onOpenChange","decl":{"start":{"line":1780,"column":46},"end":{"line":1789,"column":9}},"loc":{"start":{"line":1780,"column":46},"end":{"line":1789,"column":9}},"line":1780},"30":{"name":"onClick","decl":{"start":{"line":2227,"column":39},"end":{"line":2227,"column":84}},"loc":{"start":{"line":2227,"column":39},"end":{"line":2227,"column":84}},"line":2227}},"f":{"0":0,"1":0,"2":0,"3":0,"4":0,"5":157,"6":0,"7":0,"8":0,"9":0,"10":2,"11":55,"12":0,"13":0,"14":0,"15":1,"16":0,"17":0,"18":0,"19":1,"20":1,"21":0,"22":7,"23":0,"24":0,"25":0,"26":6,"27":1,"28":14,"29":0,"30":1}}
,"/Users/pablojavier/Documents/Study/EntregaFinal/explorations/my-app-geo/app/lib/utils.ts": {"path":"/Users/pablojavier/Documents/Study/EntregaFinal/explorations/my-app-geo/app/lib/utils.ts","all":false,"statementMap":{"0":{"start":{"line":1,"column":0},"end":{"line":1,"column":44}},"1":{"start":{"line":2,"column":0},"end":{"line":2,"column":40}},"3":{"start":{"line":4,"column":0},"end":{"line":4,"column":45}},"4":{"start":{"line":5,"column":0},"end":{"line":5,"column":30}},"5":{"start":{"line":6,"column":0},"end":{"line":6,"column":1}}},"s":{"0":1,"1":1,"3":1,"4":3465,"5":3465},"branchMap":{"0":{"type":"branch","line":4,"loc":{"start":{"line":4,"column":7},"end":{"line":6,"column":1}},"locations":[{"start":{"line":4,"column":7},"end":{"line":6,"column":1}}]}},"b":{"0":[3465]},"fnMap":{"0":{"name":"cn","decl":{"start":{"line":4,"column":7},"end":{"line":6,"column":1}},"loc":{"start":{"line":4,"column":7},"end":{"line":6,"column":1}},"line":4}},"f":{"0":3465}}
}
